{"E:\\webiste theme and plugin\\affiliate-product-showcase\\affiliate-product-showcase\\wp-content\\plugins\\affiliate-product-showcase\\blocks\\product-grid\\edit.jsx": {"path":"E:\\webiste theme and plugin\\affiliate-product-showcase\\affiliate-product-showcase\\wp-content\\plugins\\affiliate-product-showcase\\blocks\\product-grid\\edit.jsx","statementMap":{"0":{"start":{"line":16,"column":1},"end":{"line":27,"column":3}},"1":{"start":{"line":30,"column":0},"end":{"line":34,"column":2}}},"fnMap":{"0":{"name":"Edit","decl":{"start":{"line":15,"column":24},"end":{"line":15,"column":28}},"loc":{"start":{"line":15,"column":70},"end":{"line":28,"column":1}},"line":15}},"branchMap":{},"s":{"0":2,"1":1},"f":{"0":2},"b":{},"_coverageSchema":"1a1c01bbd47fc00a2c39e90264f33305004495a9","hash":"5ce89d2544ec332e3fd06dc713688a7556dd9ba9"}
,"E:\\webiste theme and plugin\\affiliate-product-showcase\\affiliate-product-showcase\\wp-content\\plugins\\affiliate-product-showcase\\blocks\\product-grid\\edit\\GridInspector.jsx": {"path":"E:\\webiste theme and plugin\\affiliate-product-showcase\\affiliate-product-showcase\\wp-content\\plugins\\affiliate-product-showcase\\blocks\\product-grid\\edit\\GridInspector.jsx","statementMap":{"0":{"start":{"line":10,"column":22},"end":{"line":192,"column":2}},"1":{"start":{"line":19,"column":8},"end":{"line":19,"column":18}},"2":{"start":{"line":21,"column":32},"end":{"line":26,"column":5}},"3":{"start":{"line":22,"column":19},"end":{"line":22,"column":52}},"4":{"start":{"line":28,"column":32},"end":{"line":33,"column":5}},"5":{"start":{"line":29,"column":19},"end":{"line":29,"column":52}},"6":{"start":{"line":35,"column":28},"end":{"line":40,"column":5}},"7":{"start":{"line":36,"column":19},"end":{"line":36,"column":48}},"8":{"start":{"line":42,"column":4},"end":{"line":191,"column":6}},"9":{"start":{"line":81,"column":41},"end":{"line":81,"column":76}},"10":{"start":{"line":88,"column":41},"end":{"line":88,"column":77}},"11":{"start":{"line":95,"column":41},"end":{"line":95,"column":76}},"12":{"start":{"line":110,"column":41},"end":{"line":110,"column":78}},"13":{"start":{"line":120,"column":39},"end":{"line":127,"column":26}},"14":{"start":{"line":134,"column":39},"end":{"line":141,"column":26}},"15":{"start":{"line":148,"column":39},"end":{"line":155,"column":26}},"16":{"start":{"line":162,"column":39},"end":{"line":169,"column":26}},"17":{"start":{"line":194,"column":0},"end":{"line":194,"column":44}},"18":{"start":{"line":196,"column":0},"end":{"line":199,"column":2}}},"fnMap":{"0":{"name":"(anonymous_0)","decl":{"start":{"line":10,"column":27},"end":{"line":10,"column":28}},"loc":{"start":{"line":10,"column":62},"end":{"line":192,"column":1}},"line":10},"1":{"name":"(anonymous_1)","decl":{"start":{"line":22,"column":8},"end":{"line":22,"column":9}},"loc":{"start":{"line":22,"column":19},"end":{"line":22,"column":52}},"line":22},"2":{"name":"(anonymous_2)","decl":{"start":{"line":29,"column":8},"end":{"line":29,"column":9}},"loc":{"start":{"line":29,"column":19},"end":{"line":29,"column":52}},"line":29},"3":{"name":"(anonymous_3)","decl":{"start":{"line":36,"column":8},"end":{"line":36,"column":9}},"loc":{"start":{"line":36,"column":19},"end":{"line":36,"column":48}},"line":36},"4":{"name":"(anonymous_4)","decl":{"start":{"line":81,"column":30},"end":{"line":81,"column":31}},"loc":{"start":{"line":81,"column":41},"end":{"line":81,"column":76}},"line":81},"5":{"name":"(anonymous_5)","decl":{"start":{"line":88,"column":30},"end":{"line":88,"column":31}},"loc":{"start":{"line":88,"column":41},"end":{"line":88,"column":77}},"line":88},"6":{"name":"(anonymous_6)","decl":{"start":{"line":95,"column":30},"end":{"line":95,"column":31}},"loc":{"start":{"line":95,"column":41},"end":{"line":95,"column":76}},"line":95},"7":{"name":"(anonymous_7)","decl":{"start":{"line":110,"column":30},"end":{"line":110,"column":31}},"loc":{"start":{"line":110,"column":41},"end":{"line":110,"column":78}},"line":110},"8":{"name":"(anonymous_8)","decl":{"start":{"line":120,"column":33},"end":{"line":120,"column":34}},"loc":{"start":{"line":120,"column":39},"end":{"line":127,"column":26}},"line":120},"9":{"name":"(anonymous_9)","decl":{"start":{"line":134,"column":33},"end":{"line":134,"column":34}},"loc":{"start":{"line":134,"column":39},"end":{"line":141,"column":26}},"line":134},"10":{"name":"(anonymous_10)","decl":{"start":{"line":148,"column":33},"end":{"line":148,"column":34}},"loc":{"start":{"line":148,"column":39},"end":{"line":155,"column":26}},"line":148},"11":{"name":"(anonymous_11)","decl":{"start":{"line":162,"column":33},"end":{"line":162,"column":34}},"loc":{"start":{"line":162,"column":39},"end":{"line":169,"column":26}},"line":162}},"branchMap":{},"s":{"0":1,"1":2,"2":2,"3":0,"4":2,"5":0,"6":2,"7":0,"8":2,"9":0,"10":0,"11":0,"12":0,"13":0,"14":0,"15":0,"16":0,"17":1,"18":1},"f":{"0":2,"1":0,"2":0,"3":0,"4":0,"5":0,"6":0,"7":0,"8":0,"9":0,"10":0,"11":0},"b":{},"_coverageSchema":"1a1c01bbd47fc00a2c39e90264f33305004495a9","hash":"707efc8f37b30e106d952fcd275289a0ebb78565"}
,"E:\\webiste theme and plugin\\affiliate-product-showcase\\affiliate-product-showcase\\wp-content\\plugins\\affiliate-product-showcase\\blocks\\product-grid\\edit\\GridPreview.jsx": {"path":"E:\\webiste theme and plugin\\affiliate-product-showcase\\affiliate-product-showcase\\wp-content\\plugins\\affiliate-product-showcase\\blocks\\product-grid\\edit\\GridPreview.jsx","statementMap":{"0":{"start":{"line":20,"column":0},"end":{"line":24,"column":1}},"1":{"start":{"line":21,"column":4},"end":{"line":21,"column":59}},"2":{"start":{"line":23,"column":4},"end":{"line":23,"column":105}},"3":{"start":{"line":23,"column":33},"end":{"line":23,"column":103}},"4":{"start":{"line":26,"column":20},"end":{"line":114,"column":1}},"5":{"start":{"line":35,"column":8},"end":{"line":35,"column":18}},"6":{"start":{"line":37,"column":23},"end":{"line":44,"column":6}},"7":{"start":{"line":47,"column":18},"end":{"line":47,"column":35}},"8":{"start":{"line":50,"column":43},"end":{"line":53,"column":5}},"9":{"start":{"line":55,"column":4},"end":{"line":61,"column":5}},"10":{"start":{"line":56,"column":8},"end":{"line":60,"column":10}},"11":{"start":{"line":63,"column":4},"end":{"line":71,"column":5}},"12":{"start":{"line":64,"column":8},"end":{"line":70,"column":10}},"13":{"start":{"line":73,"column":4},"end":{"line":81,"column":5}},"14":{"start":{"line":74,"column":8},"end":{"line":80,"column":10}},"15":{"start":{"line":83,"column":4},"end":{"line":113,"column":6}},"16":{"start":{"line":101,"column":24},"end":{"line":108,"column":26}},"17":{"start":{"line":116,"column":0},"end":{"line":119,"column":2}}},"fnMap":{"0":{"name":"(anonymous_0)","decl":{"start":{"line":23,"column":27},"end":{"line":23,"column":28}},"loc":{"start":{"line":23,"column":33},"end":{"line":23,"column":103}},"line":23},"1":{"name":"(anonymous_1)","decl":{"start":{"line":26,"column":20},"end":{"line":26,"column":21}},"loc":{"start":{"line":26,"column":50},"end":{"line":114,"column":1}},"line":26},"2":{"name":"(anonymous_2)","decl":{"start":{"line":100,"column":33},"end":{"line":100,"column":34}},"loc":{"start":{"line":101,"column":24},"end":{"line":108,"column":26}},"line":101}},"branchMap":{"0":{"loc":{"start":{"line":20,"column":0},"end":{"line":24,"column":1}},"type":"if","locations":[{"start":{"line":20,"column":0},"end":{"line":24,"column":1}},{"start":{"line":22,"column":7},"end":{"line":24,"column":1}}],"line":20},"1":{"loc":{"start":{"line":55,"column":4},"end":{"line":61,"column":5}},"type":"if","locations":[{"start":{"line":55,"column":4},"end":{"line":61,"column":5}},{"start":{},"end":{}}],"line":55},"2":{"loc":{"start":{"line":63,"column":4},"end":{"line":71,"column":5}},"type":"if","locations":[{"start":{"line":63,"column":4},"end":{"line":71,"column":5}},{"start":{},"end":{}}],"line":63},"3":{"loc":{"start":{"line":73,"column":4},"end":{"line":81,"column":5}},"type":"if","locations":[{"start":{"line":73,"column":4},"end":{"line":81,"column":5}},{"start":{},"end":{}}],"line":73},"4":{"loc":{"start":{"line":86,"column":17},"end":{"line":110,"column":17}},"type":"cond-expr","locations":[{"start":{"line":87,"column":20},"end":{"line":97,"column":31}},{"start":{"line":100,"column":20},"end":{"line":109,"column":22}}],"line":86}},"s":{"0":1,"1":1,"2":0,"3":0,"4":1,"5":2,"6":2,"7":2,"8":2,"9":2,"10":0,"11":2,"12":1,"13":1,"14":0,"15":1,"16":2,"17":1},"f":{"0":0,"1":2,"2":2},"b":{"0":[1,0],"1":[0,2],"2":[1,1],"3":[0,1],"4":[0,1]},"_coverageSchema":"1a1c01bbd47fc00a2c39e90264f33305004495a9","hash":"f79574cbe2cb3efef69e41e7703c822050727509"}
,"E:\\webiste theme and plugin\\affiliate-product-showcase\\affiliate-product-showcase\\wp-content\\plugins\\affiliate-product-showcase\\blocks\\product-grid\\edit\\ProductCard.jsx": {"path":"E:\\webiste theme and plugin\\affiliate-product-showcase\\affiliate-product-showcase\\wp-content\\plugins\\affiliate-product-showcase\\blocks\\product-grid\\edit\\ProductCard.jsx","statementMap":{"0":{"start":{"line":13,"column":20},"end":{"line":62,"column":2}},"1":{"start":{"line":15,"column":4},"end":{"line":15,"column":34}},"2":{"start":{"line":15,"column":22},"end":{"line":15,"column":34}},"3":{"start":{"line":17,"column":20},"end":{"line":17,"column":73}},"4":{"start":{"line":20,"column":29},"end":{"line":20,"column":65}},"5":{"start":{"line":22,"column":4},"end":{"line":61,"column":6}},"6":{"start":{"line":64,"column":0},"end":{"line":64,"column":40}},"7":{"start":{"line":66,"column":0},"end":{"line":82,"column":2}}},"fnMap":{"0":{"name":"(anonymous_0)","decl":{"start":{"line":13,"column":25},"end":{"line":13,"column":26}},"loc":{"start":{"line":13,"column":86},"end":{"line":62,"column":1}},"line":13}},"branchMap":{"0":{"loc":{"start":{"line":15,"column":4},"end":{"line":15,"column":34}},"type":"if","locations":[{"start":{"line":15,"column":4},"end":{"line":15,"column":34}},{"start":{},"end":{}}],"line":15},"1":{"loc":{"start":{"line":20,"column":39},"end":{"line":20,"column":64}},"type":"binary-expr","locations":[{"start":{"line":20,"column":39},"end":{"line":20,"column":58}},{"start":{"line":20,"column":62},"end":{"line":20,"column":64}}],"line":20},"2":{"loc":{"start":{"line":24,"column":13},"end":{"line":30,"column":13}},"type":"binary-expr","locations":[{"start":{"line":24,"column":13},"end":{"line":24,"column":30}},{"start":{"line":25,"column":16},"end":{"line":29,"column":18}}],"line":24},"3":{"loc":{"start":{"line":31,"column":13},"end":{"line":35,"column":13}},"type":"binary-expr","locations":[{"start":{"line":31,"column":13},"end":{"line":31,"column":22}},{"start":{"line":31,"column":26},"end":{"line":31,"column":39}},{"start":{"line":32,"column":16},"end":{"line":34,"column":23}}],"line":31},"4":{"loc":{"start":{"line":38,"column":17},"end":{"line":40,"column":17}},"type":"binary-expr","locations":[{"start":{"line":38,"column":17},"end":{"line":38,"column":27}},{"start":{"line":38,"column":31},"end":{"line":38,"column":45}},{"start":{"line":39,"column":20},"end":{"line":39,"column":61}}],"line":38},"5":{"loc":{"start":{"line":41,"column":17},"end":{"line":48,"column":17}},"type":"binary-expr","locations":[{"start":{"line":41,"column":17},"end":{"line":41,"column":26}},{"start":{"line":41,"column":30},"end":{"line":41,"column":43}},{"start":{"line":42,"column":20},"end":{"line":47,"column":26}}],"line":41}},"s":{"0":1,"1":2,"2":0,"3":2,"4":2,"5":2,"6":1,"7":1},"f":{"0":2},"b":{"0":[0,2],"1":[2,2],"2":[2,2],"3":[2,2,0],"4":[2,2,0],"5":[2,2,2]},"_coverageSchema":"1a1c01bbd47fc00a2c39e90264f33305004495a9","hash":"f6dfa538ac5dd875273f99fdea52aff13b613a24"}
,"E:\\webiste theme and plugin\\affiliate-product-showcase\\affiliate-product-showcase\\wp-content\\plugins\\affiliate-product-showcase\\blocks\\product-showcase\\edit.jsx": {"path":"E:\\webiste theme and plugin\\affiliate-product-showcase\\affiliate-product-showcase\\wp-content\\plugins\\affiliate-product-showcase\\blocks\\product-showcase\\edit.jsx","statementMap":{"0":{"start":{"line":16,"column":1},"end":{"line":27,"column":3}},"1":{"start":{"line":30,"column":0},"end":{"line":34,"column":2}}},"fnMap":{"0":{"name":"Edit","decl":{"start":{"line":15,"column":24},"end":{"line":15,"column":28}},"loc":{"start":{"line":15,"column":70},"end":{"line":28,"column":1}},"line":15}},"branchMap":{},"s":{"0":3,"1":1},"f":{"0":3},"b":{},"_coverageSchema":"1a1c01bbd47fc00a2c39e90264f33305004495a9","hash":"2095763c5ff29026244cac103b05532f15d93662"}
,"E:\\webiste theme and plugin\\affiliate-product-showcase\\affiliate-product-showcase\\wp-content\\plugins\\affiliate-product-showcase\\blocks\\product-showcase\\edit\\ProductCard.jsx": {"path":"E:\\webiste theme and plugin\\affiliate-product-showcase\\affiliate-product-showcase\\wp-content\\plugins\\affiliate-product-showcase\\blocks\\product-showcase\\edit\\ProductCard.jsx","statementMap":{"0":{"start":{"line":13,"column":20},"end":{"line":62,"column":2}},"1":{"start":{"line":15,"column":4},"end":{"line":15,"column":34}},"2":{"start":{"line":15,"column":22},"end":{"line":15,"column":34}},"3":{"start":{"line":17,"column":20},"end":{"line":17,"column":74}},"4":{"start":{"line":18,"column":29},"end":{"line":18,"column":65}},"5":{"start":{"line":19,"column":27},"end":{"line":19,"column":89}},"6":{"start":{"line":21,"column":4},"end":{"line":61,"column":6}},"7":{"start":{"line":64,"column":0},"end":{"line":64,"column":40}},"8":{"start":{"line":66,"column":0},"end":{"line":83,"column":2}}},"fnMap":{"0":{"name":"(anonymous_0)","decl":{"start":{"line":13,"column":25},"end":{"line":13,"column":26}},"loc":{"start":{"line":13,"column":112},"end":{"line":62,"column":1}},"line":13}},"branchMap":{"0":{"loc":{"start":{"line":15,"column":4},"end":{"line":15,"column":34}},"type":"if","locations":[{"start":{"line":15,"column":4},"end":{"line":15,"column":34}},{"start":{},"end":{}}],"line":15},"1":{"loc":{"start":{"line":18,"column":39},"end":{"line":18,"column":64}},"type":"binary-expr","locations":[{"start":{"line":18,"column":39},"end":{"line":18,"column":58}},{"start":{"line":18,"column":62},"end":{"line":18,"column":64}}],"line":18},"2":{"loc":{"start":{"line":19,"column":27},"end":{"line":19,"column":89}},"type":"binary-expr","locations":[{"start":{"line":19,"column":27},"end":{"line":19,"column":37}},{"start":{"line":19,"column":41},"end":{"line":19,"column":89}}],"line":19},"3":{"loc":{"start":{"line":23,"column":13},"end":{"line":29,"column":13}},"type":"binary-expr","locations":[{"start":{"line":23,"column":13},"end":{"line":23,"column":30}},{"start":{"line":24,"column":16},"end":{"line":28,"column":18}}],"line":23},"4":{"loc":{"start":{"line":30,"column":13},"end":{"line":34,"column":13}},"type":"binary-expr","locations":[{"start":{"line":30,"column":13},"end":{"line":30,"column":26}},{"start":{"line":31,"column":16},"end":{"line":33,"column":23}}],"line":30},"5":{"loc":{"start":{"line":37,"column":17},"end":{"line":44,"column":17}},"type":"binary-expr","locations":[{"start":{"line":37,"column":17},"end":{"line":37,"column":26}},{"start":{"line":37,"column":30},"end":{"line":37,"column":43}},{"start":{"line":38,"column":20},"end":{"line":43,"column":26}}],"line":37},"6":{"loc":{"start":{"line":45,"column":17},"end":{"line":49,"column":17}},"type":"binary-expr","locations":[{"start":{"line":45,"column":17},"end":{"line":45,"column":32}},{"start":{"line":45,"column":36},"end":{"line":45,"column":52}},{"start":{"line":46,"column":20},"end":{"line":48,"column":24}}],"line":45},"7":{"loc":{"start":{"line":47,"column":56},"end":{"line":47,"column":85}},"type":"cond-expr","locations":[{"start":{"line":47,"column":76},"end":{"line":47,"column":79}},{"start":{"line":47,"column":82},"end":{"line":47,"column":85}}],"line":47},"8":{"loc":{"start":{"line":50,"column":17},"end":{"line":58,"column":17}},"type":"binary-expr","locations":[{"start":{"line":50,"column":17},"end":{"line":50,"column":27}},{"start":{"line":51,"column":20},"end":{"line":57,"column":38}}],"line":50}},"s":{"0":1,"1":2,"2":0,"3":2,"4":2,"5":2,"6":2,"7":1,"8":1},"f":{"0":2},"b":{"0":[0,2],"1":[2,2],"2":[2,0],"3":[2,2],"4":[2,0],"5":[2,2,2],"6":[2,2,0],"7":[0,0],"8":[2,2]},"_coverageSchema":"1a1c01bbd47fc00a2c39e90264f33305004495a9","hash":"78dac51395e068f502f1c1478777f78bde1b337c"}
,"E:\\webiste theme and plugin\\affiliate-product-showcase\\affiliate-product-showcase\\wp-content\\plugins\\affiliate-product-showcase\\blocks\\product-showcase\\edit\\ShowcaseInspector.jsx": {"path":"E:\\webiste theme and plugin\\affiliate-product-showcase\\affiliate-product-showcase\\wp-content\\plugins\\affiliate-product-showcase\\blocks\\product-showcase\\edit\\ShowcaseInspector.jsx","statementMap":{"0":{"start":{"line":16,"column":26},"end":{"line":211,"column":2}},"1":{"start":{"line":26,"column":8},"end":{"line":26,"column":18}},"2":{"start":{"line":28,"column":32},"end":{"line":28,"column":94}},"3":{"start":{"line":30,"column":31},"end":{"line":33,"column":5}},"4":{"start":{"line":31,"column":19},"end":{"line":31,"column":51}},"5":{"start":{"line":35,"column":32},"end":{"line":38,"column":5}},"6":{"start":{"line":36,"column":19},"end":{"line":36,"column":52}},"7":{"start":{"line":40,"column":28},"end":{"line":43,"column":5}},"8":{"start":{"line":41,"column":19},"end":{"line":41,"column":48}},"9":{"start":{"line":45,"column":32},"end":{"line":48,"column":5}},"10":{"start":{"line":46,"column":19},"end":{"line":46,"column":52}},"11":{"start":{"line":50,"column":4},"end":{"line":210,"column":6}},"12":{"start":{"line":102,"column":41},"end":{"line":102,"column":76}},"13":{"start":{"line":109,"column":41},"end":{"line":109,"column":82}},"14":{"start":{"line":116,"column":41},"end":{"line":116,"column":77}},"15":{"start":{"line":124,"column":45},"end":{"line":124,"column":81}},"16":{"start":{"line":135,"column":39},"end":{"line":143,"column":26}},"17":{"start":{"line":150,"column":39},"end":{"line":157,"column":26}},"18":{"start":{"line":164,"column":39},"end":{"line":171,"column":26}},"19":{"start":{"line":178,"column":39},"end":{"line":186,"column":26}},"20":{"start":{"line":213,"column":0},"end":{"line":213,"column":52}},"21":{"start":{"line":215,"column":0},"end":{"line":218,"column":2}}},"fnMap":{"0":{"name":"(anonymous_0)","decl":{"start":{"line":16,"column":31},"end":{"line":16,"column":32}},"loc":{"start":{"line":16,"column":66},"end":{"line":211,"column":1}},"line":16},"1":{"name":"(anonymous_1)","decl":{"start":{"line":31,"column":8},"end":{"line":31,"column":9}},"loc":{"start":{"line":31,"column":19},"end":{"line":31,"column":51}},"line":31},"2":{"name":"(anonymous_2)","decl":{"start":{"line":36,"column":8},"end":{"line":36,"column":9}},"loc":{"start":{"line":36,"column":19},"end":{"line":36,"column":52}},"line":36},"3":{"name":"(anonymous_3)","decl":{"start":{"line":41,"column":8},"end":{"line":41,"column":9}},"loc":{"start":{"line":41,"column":19},"end":{"line":41,"column":48}},"line":41},"4":{"name":"(anonymous_4)","decl":{"start":{"line":46,"column":8},"end":{"line":46,"column":9}},"loc":{"start":{"line":46,"column":19},"end":{"line":46,"column":52}},"line":46},"5":{"name":"(anonymous_5)","decl":{"start":{"line":102,"column":30},"end":{"line":102,"column":31}},"loc":{"start":{"line":102,"column":41},"end":{"line":102,"column":76}},"line":102},"6":{"name":"(anonymous_6)","decl":{"start":{"line":109,"column":30},"end":{"line":109,"column":31}},"loc":{"start":{"line":109,"column":41},"end":{"line":109,"column":82}},"line":109},"7":{"name":"(anonymous_7)","decl":{"start":{"line":116,"column":30},"end":{"line":116,"column":31}},"loc":{"start":{"line":116,"column":41},"end":{"line":116,"column":77}},"line":116},"8":{"name":"(anonymous_8)","decl":{"start":{"line":124,"column":34},"end":{"line":124,"column":35}},"loc":{"start":{"line":124,"column":45},"end":{"line":124,"column":81}},"line":124},"9":{"name":"(anonymous_9)","decl":{"start":{"line":135,"column":33},"end":{"line":135,"column":34}},"loc":{"start":{"line":135,"column":39},"end":{"line":143,"column":26}},"line":135},"10":{"name":"(anonymous_10)","decl":{"start":{"line":150,"column":33},"end":{"line":150,"column":34}},"loc":{"start":{"line":150,"column":39},"end":{"line":157,"column":26}},"line":150},"11":{"name":"(anonymous_11)","decl":{"start":{"line":164,"column":33},"end":{"line":164,"column":34}},"loc":{"start":{"line":164,"column":39},"end":{"line":171,"column":26}},"line":164},"12":{"name":"(anonymous_12)","decl":{"start":{"line":178,"column":33},"end":{"line":178,"column":34}},"loc":{"start":{"line":178,"column":39},"end":{"line":186,"column":26}},"line":178}},"branchMap":{"0":{"loc":{"start":{"line":28,"column":32},"end":{"line":28,"column":94}},"type":"binary-expr","locations":[{"start":{"line":28,"column":32},"end":{"line":28,"column":42}},{"start":{"line":28,"column":46},"end":{"line":28,"column":94}}],"line":28},"1":{"loc":{"start":{"line":77,"column":17},"end":{"line":86,"column":17}},"type":"binary-expr","locations":[{"start":{"line":77,"column":17},"end":{"line":77,"column":38}},{"start":{"line":78,"column":20},"end":{"line":85,"column":22}}],"line":77},"2":{"loc":{"start":{"line":120,"column":17},"end":{"line":127,"column":17}},"type":"binary-expr","locations":[{"start":{"line":120,"column":17},"end":{"line":120,"column":27}},{"start":{"line":121,"column":20},"end":{"line":126,"column":22}}],"line":120},"3":{"loc":{"start":{"line":196,"column":29},"end":{"line":196,"column":136}},"type":"cond-expr","locations":[{"start":{"line":196,"column":53},"end":{"line":196,"column":93}},{"start":{"line":196,"column":96},"end":{"line":196,"column":136}}],"line":196},"4":{"loc":{"start":{"line":198,"column":17},"end":{"line":203,"column":17}},"type":"binary-expr","locations":[{"start":{"line":198,"column":17},"end":{"line":198,"column":38}},{"start":{"line":199,"column":20},"end":{"line":202,"column":31}}],"line":198}},"s":{"0":1,"1":3,"2":3,"3":3,"4":0,"5":3,"6":0,"7":3,"8":0,"9":3,"10":0,"11":3,"12":0,"13":0,"14":0,"15":0,"16":0,"17":0,"18":0,"19":0,"20":1,"21":1},"f":{"0":3,"1":0,"2":0,"3":0,"4":0,"5":0,"6":0,"7":0,"8":0,"9":0,"10":0,"11":0,"12":0},"b":{"0":[3,0],"1":[3,3],"2":[3,3],"3":[3,0],"4":[3,3]},"_coverageSchema":"1a1c01bbd47fc00a2c39e90264f33305004495a9","hash":"5c69ddbb8a04688d2e0169fdf0bc341ba6ce6bb2"}
,"E:\\webiste theme and plugin\\affiliate-product-showcase\\affiliate-product-showcase\\wp-content\\plugins\\affiliate-product-showcase\\blocks\\product-showcase\\edit\\ShowcasePreview.jsx": {"path":"E:\\webiste theme and plugin\\affiliate-product-showcase\\affiliate-product-showcase\\wp-content\\plugins\\affiliate-product-showcase\\blocks\\product-showcase\\edit\\ShowcasePreview.jsx","statementMap":{"0":{"start":{"line":15,"column":24},"end":{"line":94,"column":1}},"1":{"start":{"line":25,"column":8},"end":{"line":25,"column":18}},"2":{"start":{"line":27,"column":23},"end":{"line":37,"column":6}},"3":{"start":{"line":40,"column":18},"end":{"line":40,"column":35}},"4":{"start":{"line":43,"column":43},"end":{"line":46,"column":5}},"5":{"start":{"line":48,"column":4},"end":{"line":54,"column":5}},"6":{"start":{"line":49,"column":8},"end":{"line":53,"column":10}},"7":{"start":{"line":56,"column":4},"end":{"line":64,"column":5}},"8":{"start":{"line":57,"column":8},"end":{"line":63,"column":10}},"9":{"start":{"line":66,"column":4},"end":{"line":74,"column":5}},"10":{"start":{"line":67,"column":8},"end":{"line":73,"column":10}},"11":{"start":{"line":76,"column":4},"end":{"line":93,"column":6}},"12":{"start":{"line":80,"column":20},"end":{"line":89,"column":22}},"13":{"start":{"line":96,"column":0},"end":{"line":99,"column":2}}},"fnMap":{"0":{"name":"(anonymous_0)","decl":{"start":{"line":15,"column":24},"end":{"line":15,"column":25}},"loc":{"start":{"line":15,"column":54},"end":{"line":94,"column":1}},"line":15},"1":{"name":"(anonymous_1)","decl":{"start":{"line":79,"column":30},"end":{"line":79,"column":31}},"loc":{"start":{"line":80,"column":20},"end":{"line":89,"column":22}},"line":80}},"branchMap":{"0":{"loc":{"start":{"line":48,"column":4},"end":{"line":54,"column":5}},"type":"if","locations":[{"start":{"line":48,"column":4},"end":{"line":54,"column":5}},{"start":{},"end":{}}],"line":48},"1":{"loc":{"start":{"line":56,"column":4},"end":{"line":64,"column":5}},"type":"if","locations":[{"start":{"line":56,"column":4},"end":{"line":64,"column":5}},{"start":{},"end":{}}],"line":56},"2":{"loc":{"start":{"line":66,"column":4},"end":{"line":74,"column":5}},"type":"if","locations":[{"start":{"line":66,"column":4},"end":{"line":74,"column":5}},{"start":{},"end":{}}],"line":66}},"s":{"0":1,"1":3,"2":3,"3":3,"4":3,"5":3,"6":1,"7":2,"8":0,"9":2,"10":0,"11":2,"12":2,"13":1},"f":{"0":3,"1":2},"b":{"0":[1,2],"1":[0,2],"2":[0,2]},"_coverageSchema":"1a1c01bbd47fc00a2c39e90264f33305004495a9","hash":"e78a25fbf8c610e8c30bf463cfb2502e670b7727"}
,"E:\\webiste theme and plugin\\affiliate-product-showcase\\affiliate-product-showcase\\wp-content\\plugins\\affiliate-product-showcase\\blocks\\shared\\components.jsx": {"path":"E:\\webiste theme and plugin\\affiliate-product-showcase\\affiliate-product-showcase\\wp-content\\plugins\\affiliate-product-showcase\\blocks\\shared\\components.jsx","statementMap":{"0":{"start":{"line":20,"column":8},"end":{"line":20,"column":21}},"1":{"start":{"line":21,"column":8},"end":{"line":21,"column":69}},"2":{"start":{"line":25,"column":8},"end":{"line":25,"column":41}},"3":{"start":{"line":29,"column":8},"end":{"line":31,"column":9}},"4":{"start":{"line":30,"column":12},"end":{"line":30,"column":60}},"5":{"start":{"line":33,"column":8},"end":{"line":35,"column":9}},"6":{"start":{"line":34,"column":12},"end":{"line":34,"column":49}},"7":{"start":{"line":38,"column":18},"end":{"line":47,"column":5}},"8":{"start":{"line":39,"column":8},"end":{"line":41,"column":9}},"9":{"start":{"line":40,"column":12},"end":{"line":40,"column":19}},"10":{"start":{"line":42,"column":8},"end":{"line":46,"column":12}},"11":{"start":{"line":42,"column":36},"end":{"line":46,"column":9}},"12":{"start":{"line":50,"column":8},"end":{"line":70,"column":9}},"13":{"start":{"line":51,"column":33},"end":{"line":51,"column":86}},"14":{"start":{"line":53,"column":12},"end":{"line":69,"column":14}},"15":{"start":{"line":74,"column":8},"end":{"line":74,"column":86}},"16":{"start":{"line":78,"column":0},"end":{"line":82,"column":2}},"17":{"start":{"line":84,"column":0},"end":{"line":86,"column":2}},"18":{"start":{"line":91,"column":30},"end":{"line":96,"column":2}},"19":{"start":{"line":92,"column":4},"end":{"line":95,"column":10}},"20":{"start":{"line":98,"column":0},"end":{"line":98,"column":46}},"21":{"start":{"line":99,"column":0},"end":{"line":101,"column":2}},"22":{"start":{"line":106,"column":26},"end":{"line":110,"column":2}},"23":{"start":{"line":107,"column":4},"end":{"line":109,"column":10}},"24":{"start":{"line":112,"column":0},"end":{"line":112,"column":38}},"25":{"start":{"line":113,"column":0},"end":{"line":115,"column":2}},"26":{"start":{"line":120,"column":28},"end":{"line":153,"column":2}},"27":{"start":{"line":121,"column":36},"end":{"line":121,"column":51}},"28":{"start":{"line":130,"column":24},"end":{"line":132,"column":10}},"29":{"start":{"line":131,"column":8},"end":{"line":131,"column":26}},"30":{"start":{"line":134,"column":4},"end":{"line":142,"column":5}},"31":{"start":{"line":135,"column":8},"end":{"line":141,"column":10}},"32":{"start":{"line":144,"column":4},"end":{"line":152,"column":6}},"33":{"start":{"line":155,"column":0},"end":{"line":155,"column":42}},"34":{"start":{"line":156,"column":0},"end":{"line":160,"column":2}},"35":{"start":{"line":165,"column":28},"end":{"line":180,"column":2}},"36":{"start":{"line":166,"column":4},"end":{"line":166,"column":28}},"37":{"start":{"line":166,"column":16},"end":{"line":166,"column":28}},"38":{"start":{"line":168,"column":4},"end":{"line":179,"column":6}},"39":{"start":{"line":182,"column":0},"end":{"line":182,"column":42}},"40":{"start":{"line":183,"column":0},"end":{"line":187,"column":2}},"41":{"start":{"line":192,"column":28},"end":{"line":200,"column":2}},"42":{"start":{"line":193,"column":4},"end":{"line":193,"column":28}},"43":{"start":{"line":193,"column":16},"end":{"line":193,"column":28}},"44":{"start":{"line":195,"column":4},"end":{"line":199,"column":6}},"45":{"start":{"line":202,"column":0},"end":{"line":202,"column":42}},"46":{"start":{"line":203,"column":0},"end":{"line":205,"column":2}},"47":{"start":{"line":210,"column":29},"end":{"line":218,"column":2}},"48":{"start":{"line":211,"column":4},"end":{"line":211,"column":29}},"49":{"start":{"line":211,"column":17},"end":{"line":211,"column":29}},"50":{"start":{"line":213,"column":4},"end":{"line":217,"column":6}},"51":{"start":{"line":220,"column":0},"end":{"line":220,"column":44}},"52":{"start":{"line":221,"column":0},"end":{"line":223,"column":2}},"53":{"start":{"line":228,"column":31},"end":{"line":239,"column":2}},"54":{"start":{"line":229,"column":4},"end":{"line":238,"column":8}},"55":{"start":{"line":241,"column":0},"end":{"line":241,"column":48}},"56":{"start":{"line":242,"column":0},"end":{"line":248,"column":2}}},"fnMap":{"0":{"name":"(anonymous_0)","decl":{"start":{"line":19,"column":4},"end":{"line":19,"column":5}},"loc":{"start":{"line":19,"column":23},"end":{"line":22,"column":5}},"line":19},"1":{"name":"(anonymous_1)","decl":{"start":{"line":24,"column":4},"end":{"line":24,"column":5}},"loc":{"start":{"line":24,"column":43},"end":{"line":26,"column":5}},"line":24},"2":{"name":"(anonymous_2)","decl":{"start":{"line":28,"column":4},"end":{"line":28,"column":5}},"loc":{"start":{"line":28,"column":40},"end":{"line":36,"column":5}},"line":28},"3":{"name":"(anonymous_3)","decl":{"start":{"line":38,"column":18},"end":{"line":38,"column":19}},"loc":{"start":{"line":38,"column":24},"end":{"line":47,"column":5}},"line":38},"4":{"name":"(anonymous_4)","decl":{"start":{"line":42,"column":22},"end":{"line":42,"column":23}},"loc":{"start":{"line":42,"column":36},"end":{"line":46,"column":9}},"line":42},"5":{"name":"(anonymous_5)","decl":{"start":{"line":49,"column":4},"end":{"line":49,"column":5}},"loc":{"start":{"line":49,"column":13},"end":{"line":75,"column":5}},"line":49},"6":{"name":"(anonymous_6)","decl":{"start":{"line":91,"column":35},"end":{"line":91,"column":36}},"loc":{"start":{"line":92,"column":4},"end":{"line":95,"column":10}},"line":92},"7":{"name":"(anonymous_7)","decl":{"start":{"line":106,"column":31},"end":{"line":106,"column":32}},"loc":{"start":{"line":107,"column":4},"end":{"line":109,"column":10}},"line":107},"8":{"name":"(anonymous_8)","decl":{"start":{"line":120,"column":33},"end":{"line":120,"column":34}},"loc":{"start":{"line":120,"column":84},"end":{"line":153,"column":1}},"line":120},"9":{"name":"(anonymous_9)","decl":{"start":{"line":130,"column":36},"end":{"line":130,"column":37}},"loc":{"start":{"line":130,"column":42},"end":{"line":132,"column":5}},"line":130},"10":{"name":"(anonymous_10)","decl":{"start":{"line":165,"column":33},"end":{"line":165,"column":34}},"loc":{"start":{"line":165,"column":96},"end":{"line":180,"column":1}},"line":165},"11":{"name":"(anonymous_11)","decl":{"start":{"line":192,"column":33},"end":{"line":192,"column":34}},"loc":{"start":{"line":192,"column":48},"end":{"line":200,"column":1}},"line":192},"12":{"name":"(anonymous_12)","decl":{"start":{"line":210,"column":34},"end":{"line":210,"column":35}},"loc":{"start":{"line":210,"column":50},"end":{"line":218,"column":1}},"line":210},"13":{"name":"(anonymous_13)","decl":{"start":{"line":228,"column":36},"end":{"line":228,"column":37}},"loc":{"start":{"line":229,"column":4},"end":{"line":238,"column":8}},"line":229}},"branchMap":{"0":{"loc":{"start":{"line":29,"column":8},"end":{"line":31,"column":9}},"type":"if","locations":[{"start":{"line":29,"column":8},"end":{"line":31,"column":9}},{"start":{},"end":{}}],"line":29},"1":{"loc":{"start":{"line":33,"column":8},"end":{"line":35,"column":9}},"type":"if","locations":[{"start":{"line":33,"column":8},"end":{"line":35,"column":9}},{"start":{},"end":{}}],"line":33},"2":{"loc":{"start":{"line":39,"column":8},"end":{"line":41,"column":9}},"type":"if","locations":[{"start":{"line":39,"column":8},"end":{"line":41,"column":9}},{"start":{},"end":{}}],"line":39},"3":{"loc":{"start":{"line":39,"column":38},"end":{"line":39,"column":64}},"type":"binary-expr","locations":[{"start":{"line":39,"column":38},"end":{"line":39,"column":59}},{"start":{"line":39,"column":63},"end":{"line":39,"column":64}}],"line":39},"4":{"loc":{"start":{"line":50,"column":8},"end":{"line":70,"column":9}},"type":"if","locations":[{"start":{"line":50,"column":8},"end":{"line":70,"column":9}},{"start":{},"end":{}}],"line":50},"5":{"loc":{"start":{"line":51,"column":59},"end":{"line":51,"column":85}},"type":"binary-expr","locations":[{"start":{"line":51,"column":59},"end":{"line":51,"column":80}},{"start":{"line":51,"column":84},"end":{"line":51,"column":85}}],"line":51},"6":{"loc":{"start":{"line":56,"column":21},"end":{"line":64,"column":21}},"type":"binary-expr","locations":[{"start":{"line":56,"column":21},"end":{"line":56,"column":34}},{"start":{"line":57,"column":24},"end":{"line":63,"column":33}}],"line":56},"7":{"loc":{"start":{"line":65,"column":21},"end":{"line":67,"column":21}},"type":"binary-expr","locations":[{"start":{"line":65,"column":21},"end":{"line":65,"column":33}},{"start":{"line":66,"column":24},"end":{"line":66,"column":121}}],"line":65},"8":{"loc":{"start":{"line":94,"column":12},"end":{"line":94,"column":69}},"type":"binary-expr","locations":[{"start":{"line":94,"column":12},"end":{"line":94,"column":19}},{"start":{"line":94,"column":23},"end":{"line":94,"column":69}}],"line":94},"9":{"loc":{"start":{"line":108,"column":12},"end":{"line":108,"column":77}},"type":"binary-expr","locations":[{"start":{"line":108,"column":12},"end":{"line":108,"column":19}},{"start":{"line":108,"column":23},"end":{"line":108,"column":77}}],"line":108},"10":{"loc":{"start":{"line":120,"column":46},"end":{"line":120,"column":77}},"type":"default-arg","locations":[{"start":{"line":120,"column":58},"end":{"line":120,"column":77}}],"line":120},"11":{"loc":{"start":{"line":134,"column":4},"end":{"line":142,"column":5}},"type":"if","locations":[{"start":{"line":134,"column":4},"end":{"line":142,"column":5}},{"start":{},"end":{}}],"line":134},"12":{"loc":{"start":{"line":134,"column":8},"end":{"line":134,"column":24}},"type":"binary-expr","locations":[{"start":{"line":134,"column":8},"end":{"line":134,"column":12}},{"start":{"line":134,"column":16},"end":{"line":134,"column":24}}],"line":134},"13":{"loc":{"start":{"line":147,"column":17},"end":{"line":147,"column":73}},"type":"binary-expr","locations":[{"start":{"line":147,"column":17},"end":{"line":147,"column":20}},{"start":{"line":147,"column":24},"end":{"line":147,"column":73}}],"line":147},"14":{"loc":{"start":{"line":165,"column":58},"end":{"line":165,"column":89}},"type":"default-arg","locations":[{"start":{"line":165,"column":70},"end":{"line":165,"column":89}}],"line":165},"15":{"loc":{"start":{"line":166,"column":4},"end":{"line":166,"column":28}},"type":"if","locations":[{"start":{"line":166,"column":4},"end":{"line":166,"column":28}},{"start":{},"end":{}}],"line":166},"16":{"loc":{"start":{"line":173,"column":13},"end":{"line":177,"column":13}},"type":"binary-expr","locations":[{"start":{"line":173,"column":13},"end":{"line":173,"column":26}},{"start":{"line":174,"column":16},"end":{"line":176,"column":23}}],"line":173},"17":{"loc":{"start":{"line":193,"column":4},"end":{"line":193,"column":28}},"type":"if","locations":[{"start":{"line":193,"column":4},"end":{"line":193,"column":28}},{"start":{},"end":{}}],"line":193},"18":{"loc":{"start":{"line":211,"column":4},"end":{"line":211,"column":29}},"type":"if","locations":[{"start":{"line":211,"column":4},"end":{"line":211,"column":29}},{"start":{},"end":{}}],"line":211},"19":{"loc":{"start":{"line":228,"column":69},"end":{"line":228,"column":101}},"type":"default-arg","locations":[{"start":{"line":228,"column":81},"end":{"line":228,"column":101}}],"line":228}},"s":{"0":4,"1":3,"2":2,"3":1,"4":0,"5":1,"6":0,"7":3,"8":0,"9":0,"10":0,"11":0,"12":5,"13":2,"14":2,"15":3,"16":1,"17":1,"18":1,"19":3,"20":1,"21":1,"22":1,"23":2,"24":1,"25":1,"26":1,"27":3,"28":3,"29":0,"30":3,"31":1,"32":2,"33":1,"34":1,"35":1,"36":4,"37":1,"38":3,"39":1,"40":1,"41":1,"42":3,"43":1,"44":2,"45":1,"46":1,"47":1,"48":0,"49":0,"50":0,"51":1,"52":1,"53":1,"54":2,"55":1,"56":1},"f":{"0":4,"1":2,"2":1,"3":0,"4":0,"5":5,"6":3,"7":2,"8":3,"9":0,"10":4,"11":3,"12":0,"13":2},"b":{"0":[0,1],"1":[0,1],"2":[0,0],"3":[0,0],"4":[2,3],"5":[2,0],"6":[2,2],"7":[2,0],"8":[3,2],"9":[2,1],"10":[3],"11":[1,2],"12":[3,2],"13":[2,0],"14":[4],"15":[1,3],"16":[3,2],"17":[1,2],"18":[0,0],"19":[2]},"_coverageSchema":"1a1c01bbd47fc00a2c39e90264f33305004495a9","hash":"4298fecaa25e62a600df8d505e00b8f9779a6ff4"}
,"E:\\webiste theme and plugin\\affiliate-product-showcase\\affiliate-product-showcase\\wp-content\\plugins\\affiliate-product-showcase\\blocks\\shared\\constants.js": {"path":"E:\\webiste theme and plugin\\affiliate-product-showcase\\affiliate-product-showcase\\wp-content\\plugins\\affiliate-product-showcase\\blocks\\shared\\constants.js","statementMap":{"0":{"start":{"line":11,"column":40},"end":{"line":11,"column":42}},"1":{"start":{"line":14,"column":25},"end":{"line":14,"column":38}},"2":{"start":{"line":15,"column":26},"end":{"line":15,"column":28}},"3":{"start":{"line":18,"column":36},"end":{"line":18,"column":39}},"4":{"start":{"line":19,"column":35},"end":{"line":19,"column":38}},"5":{"start":{"line":22,"column":31},"end":{"line":22,"column":32}},"6":{"start":{"line":23,"column":27},"end":{"line":23,"column":29}},"7":{"start":{"line":24,"column":32},"end":{"line":24,"column":33}}},"fnMap":{},"branchMap":{},"s":{"0":7,"1":7,"2":7,"3":7,"4":7,"5":7,"6":7,"7":7},"f":{},"b":{},"_coverageSchema":"1a1c01bbd47fc00a2c39e90264f33305004495a9","hash":"7c9ebe3050f9619b4b66cad44fdbbfa7c7ab4f48"}
,"E:\\webiste theme and plugin\\affiliate-product-showcase\\affiliate-product-showcase\\wp-content\\plugins\\affiliate-product-showcase\\blocks\\shared\\utils.js": {"path":"E:\\webiste theme and plugin\\affiliate-product-showcase\\affiliate-product-showcase\\wp-content\\plugins\\affiliate-product-showcase\\blocks\\shared\\utils.js","statementMap":{"0":{"start":{"line":30,"column":25},"end":{"line":30,"column":26}},"1":{"start":{"line":31,"column":18},"end":{"line":31,"column":23}},"2":{"start":{"line":32,"column":17},"end":{"line":32,"column":22}},"3":{"start":{"line":33,"column":19},"end":{"line":33,"column":23}},"4":{"start":{"line":35,"column":4},"end":{"line":37,"column":5}},"5":{"start":{"line":36,"column":8},"end":{"line":36,"column":51}},"6":{"start":{"line":38,"column":4},"end":{"line":38,"column":22}},"7":{"start":{"line":39,"column":4},"end":{"line":44,"column":5}},"8":{"start":{"line":40,"column":8},"end":{"line":40,"column":36}},"9":{"start":{"line":41,"column":8},"end":{"line":41,"column":38}},"10":{"start":{"line":42,"column":8},"end":{"line":42,"column":75}},"11":{"start":{"line":43,"column":8},"end":{"line":43,"column":73}},"12":{"start":{"line":47,"column":21},"end":{"line":47,"column":29}},"13":{"start":{"line":48,"column":24},"end":{"line":48,"column":32}},"14":{"start":{"line":50,"column":8},"end":{"line":50,"column":40}},"15":{"start":{"line":51,"column":8},"end":{"line":51,"column":30}},"16":{"start":{"line":52,"column":8},"end":{"line":52,"column":43}},"17":{"start":{"line":53,"column":8},"end":{"line":53,"column":22}},"18":{"start":{"line":58,"column":8},"end":{"line":58,"column":30}},"19":{"start":{"line":60,"column":8},"end":{"line":60,"column":49}},"20":{"start":{"line":62,"column":8},"end":{"line":62,"column":51}},"21":{"start":{"line":66,"column":34},"end":{"line":66,"column":53}},"22":{"start":{"line":67,"column":36},"end":{"line":67,"column":57}},"23":{"start":{"line":68,"column":28},"end":{"line":68,"column":52}},"24":{"start":{"line":70,"column":8},"end":{"line":72,"column":26}},"25":{"start":{"line":76,"column":34},"end":{"line":76,"column":53}},"26":{"start":{"line":77,"column":36},"end":{"line":77,"column":57}},"27":{"start":{"line":82,"column":8},"end":{"line":87,"column":10}},"28":{"start":{"line":91,"column":21},"end":{"line":91,"column":31}},"29":{"start":{"line":92,"column":8},"end":{"line":94,"column":9}},"30":{"start":{"line":93,"column":12},"end":{"line":93,"column":38}},"31":{"start":{"line":96,"column":8},"end":{"line":96,"column":64}},"32":{"start":{"line":100,"column":8},"end":{"line":100,"column":28}},"33":{"start":{"line":104,"column":8},"end":{"line":106,"column":9}},"34":{"start":{"line":105,"column":12},"end":{"line":105,"column":36}},"35":{"start":{"line":107,"column":8},"end":{"line":107,"column":40}},"36":{"start":{"line":108,"column":8},"end":{"line":108,"column":22}},"37":{"start":{"line":112,"column":8},"end":{"line":114,"column":9}},"38":{"start":{"line":113,"column":12},"end":{"line":113,"column":34}},"39":{"start":{"line":115,"column":8},"end":{"line":115,"column":27}},"40":{"start":{"line":116,"column":8},"end":{"line":116,"column":65}},"41":{"start":{"line":120,"column":8},"end":{"line":120,"column":73}},"42":{"start":{"line":124,"column":21},"end":{"line":124,"column":31}},"43":{"start":{"line":125,"column":27},"end":{"line":125,"column":45}},"44":{"start":{"line":127,"column":8},"end":{"line":127,"column":24}},"45":{"start":{"line":128,"column":8},"end":{"line":128,"column":24}},"46":{"start":{"line":129,"column":8},"end":{"line":129,"column":28}},"47":{"start":{"line":131,"column":8},"end":{"line":141,"column":9}},"48":{"start":{"line":132,"column":12},"end":{"line":134,"column":13}},"49":{"start":{"line":133,"column":16},"end":{"line":133,"column":41}},"50":{"start":{"line":135,"column":12},"end":{"line":140,"column":13}},"51":{"start":{"line":137,"column":16},"end":{"line":137,"column":38}},"52":{"start":{"line":138,"column":16},"end":{"line":138,"column":57}},"53":{"start":{"line":139,"column":16},"end":{"line":139,"column":40}},"54":{"start":{"line":142,"column":8},"end":{"line":144,"column":9}},"55":{"start":{"line":143,"column":12},"end":{"line":143,"column":53}},"56":{"start":{"line":145,"column":8},"end":{"line":145,"column":22}},"57":{"start":{"line":148,"column":4},"end":{"line":148,"column":30}},"58":{"start":{"line":149,"column":4},"end":{"line":149,"column":28}},"59":{"start":{"line":150,"column":4},"end":{"line":150,"column":21}},"60":{"start":{"line":158,"column":8},"end":{"line":158,"column":31}},"61":{"start":{"line":159,"column":8},"end":{"line":159,"column":31}},"62":{"start":{"line":160,"column":8},"end":{"line":160,"column":23}},"63":{"start":{"line":164,"column":8},"end":{"line":164,"column":46}},"64":{"start":{"line":164,"column":34},"end":{"line":164,"column":46}},"65":{"start":{"line":166,"column":23},"end":{"line":166,"column":42}},"66":{"start":{"line":169,"column":8},"end":{"line":172,"column":9}},"67":{"start":{"line":170,"column":12},"end":{"line":170,"column":35}},"68":{"start":{"line":171,"column":12},"end":{"line":171,"column":24}},"69":{"start":{"line":175,"column":8},"end":{"line":175,"column":31}},"70":{"start":{"line":176,"column":8},"end":{"line":176,"column":66}},"71":{"start":{"line":179,"column":8},"end":{"line":179,"column":27}},"72":{"start":{"line":184,"column":8},"end":{"line":190,"column":9}},"73":{"start":{"line":185,"column":12},"end":{"line":185,"column":35}},"74":{"start":{"line":186,"column":15},"end":{"line":190,"column":9}},"75":{"start":{"line":188,"column":30},"end":{"line":188,"column":60}},"76":{"start":{"line":189,"column":12},"end":{"line":189,"column":41}},"77":{"start":{"line":192,"column":8},"end":{"line":192,"column":61}},"78":{"start":{"line":196,"column":8},"end":{"line":196,"column":27}},"79":{"start":{"line":200,"column":8},"end":{"line":200,"column":31}},"80":{"start":{"line":210,"column":4},"end":{"line":210,"column":57}},"81":{"start":{"line":210,"column":45},"end":{"line":210,"column":57}},"82":{"start":{"line":212,"column":18},"end":{"line":212,"column":20}},"83":{"start":{"line":213,"column":22},"end":{"line":213,"column":40}},"84":{"start":{"line":214,"column":24},"end":{"line":214,"column":49}},"85":{"start":{"line":215,"column":23},"end":{"line":215,"column":60}},"86":{"start":{"line":217,"column":4},"end":{"line":219,"column":5}},"87":{"start":{"line":217,"column":17},"end":{"line":217,"column":18}},"88":{"start":{"line":218,"column":8},"end":{"line":218,"column":74}},"89":{"start":{"line":220,"column":4},"end":{"line":222,"column":5}},"90":{"start":{"line":221,"column":8},"end":{"line":221,"column":81}},"91":{"start":{"line":223,"column":4},"end":{"line":225,"column":5}},"92":{"start":{"line":223,"column":17},"end":{"line":223,"column":18}},"93":{"start":{"line":224,"column":8},"end":{"line":224,"column":81}},"94":{"start":{"line":227,"column":4},"end":{"line":231,"column":6}},"95":{"start":{"line":242,"column":4},"end":{"line":242,"column":57}},"96":{"start":{"line":242,"column":47},"end":{"line":242,"column":57}},"97":{"start":{"line":243,"column":21},"end":{"line":243,"column":74}},"98":{"start":{"line":244,"column":4},"end":{"line":244,"column":35}},"99":{"start":{"line":244,"column":25},"end":{"line":244,"column":35}},"100":{"start":{"line":246,"column":4},"end":{"line":265,"column":5}},"101":{"start":{"line":253,"column":27},"end":{"line":253,"column":35}},"102":{"start":{"line":254,"column":8},"end":{"line":256,"column":9}},"103":{"start":{"line":255,"column":12},"end":{"line":255,"column":33}},"104":{"start":{"line":258,"column":8},"end":{"line":261,"column":28}},"105":{"start":{"line":264,"column":8},"end":{"line":264,"column":78}},"106":{"start":{"line":275,"column":4},"end":{"line":275,"column":61}},"107":{"start":{"line":275,"column":43},"end":{"line":275,"column":61}},"108":{"start":{"line":278,"column":20},"end":{"line":278,"column":48}},"109":{"start":{"line":281,"column":22},"end":{"line":281,"column":48}},"110":{"start":{"line":283,"column":4},"end":{"line":285,"column":5}},"111":{"start":{"line":284,"column":8},"end":{"line":284,"column":54}},"112":{"start":{"line":287,"column":4},"end":{"line":287,"column":29}},"113":{"start":{"line":298,"column":25},"end":{"line":298,"column":55}},"114":{"start":{"line":299,"column":4},"end":{"line":299,"column":48}},"115":{"start":{"line":308,"column":4},"end":{"line":308,"column":25}},"116":{"start":{"line":308,"column":14},"end":{"line":308,"column":25}},"117":{"start":{"line":309,"column":4},"end":{"line":338,"column":5}},"118":{"start":{"line":310,"column":23},"end":{"line":310,"column":35}},"119":{"start":{"line":313,"column":8},"end":{"line":315,"column":9}},"120":{"start":{"line":314,"column":12},"end":{"line":314,"column":23}},"121":{"start":{"line":317,"column":25},"end":{"line":317,"column":54}},"122":{"start":{"line":320,"column":8},"end":{"line":323,"column":9}},"123":{"start":{"line":321,"column":12},"end":{"line":321,"column":102}},"124":{"start":{"line":321,"column":56},"end":{"line":321,"column":102}},"125":{"start":{"line":322,"column":12},"end":{"line":322,"column":23}},"126":{"start":{"line":326,"column":8},"end":{"line":328,"column":9}},"127":{"start":{"line":327,"column":12},"end":{"line":327,"column":23}},"128":{"start":{"line":331,"column":8},"end":{"line":333,"column":9}},"129":{"start":{"line":332,"column":12},"end":{"line":332,"column":23}},"130":{"start":{"line":335,"column":8},"end":{"line":335,"column":19}},"131":{"start":{"line":337,"column":8},"end":{"line":337,"column":19}},"132":{"start":{"line":347,"column":4},"end":{"line":347,"column":25}},"133":{"start":{"line":347,"column":15},"end":{"line":347,"column":25}},"134":{"start":{"line":349,"column":4},"end":{"line":353,"column":5}},"135":{"start":{"line":350,"column":20},"end":{"line":350,"column":49}},"136":{"start":{"line":351,"column":8},"end":{"line":351,"column":29}},"137":{"start":{"line":352,"column":8},"end":{"line":352,"column":54}},"138":{"start":{"line":355,"column":4},"end":{"line":355,"column":42}}},"fnMap":{"0":{"name":"debounce","decl":{"start":{"line":23,"column":16},"end":{"line":23,"column":24}},"loc":{"start":{"line":23,"column":51},"end":{"line":151,"column":1}},"line":23},"1":{"name":"invokeFunc","decl":{"start":{"line":46,"column":13},"end":{"line":46,"column":23}},"loc":{"start":{"line":46,"column":30},"end":{"line":54,"column":5}},"line":46},"2":{"name":"leadingEdge","decl":{"start":{"line":56,"column":13},"end":{"line":56,"column":24}},"loc":{"start":{"line":56,"column":31},"end":{"line":63,"column":5}},"line":56},"3":{"name":"remainingWait","decl":{"start":{"line":65,"column":13},"end":{"line":65,"column":26}},"loc":{"start":{"line":65,"column":33},"end":{"line":73,"column":5}},"line":65},"4":{"name":"shouldInvoke","decl":{"start":{"line":75,"column":13},"end":{"line":75,"column":25}},"loc":{"start":{"line":75,"column":32},"end":{"line":88,"column":5}},"line":75},"5":{"name":"timerExpired","decl":{"start":{"line":90,"column":13},"end":{"line":90,"column":25}},"loc":{"start":{"line":90,"column":28},"end":{"line":97,"column":5}},"line":90},"6":{"name":"trailingEdge","decl":{"start":{"line":99,"column":13},"end":{"line":99,"column":25}},"loc":{"start":{"line":99,"column":32},"end":{"line":109,"column":5}},"line":99},"7":{"name":"cancel","decl":{"start":{"line":111,"column":13},"end":{"line":111,"column":19}},"loc":{"start":{"line":111,"column":22},"end":{"line":117,"column":5}},"line":111},"8":{"name":"flush","decl":{"start":{"line":119,"column":13},"end":{"line":119,"column":18}},"loc":{"start":{"line":119,"column":21},"end":{"line":121,"column":5}},"line":119},"9":{"name":"debounced","decl":{"start":{"line":123,"column":13},"end":{"line":123,"column":22}},"loc":{"start":{"line":123,"column":32},"end":{"line":146,"column":5}},"line":123},"10":{"name":"(anonymous_10)","decl":{"start":{"line":157,"column":4},"end":{"line":157,"column":5}},"loc":{"start":{"line":157,"column":55},"end":{"line":161,"column":5}},"line":157},"11":{"name":"(anonymous_11)","decl":{"start":{"line":163,"column":4},"end":{"line":163,"column":5}},"loc":{"start":{"line":163,"column":13},"end":{"line":180,"column":5}},"line":163},"12":{"name":"(anonymous_12)","decl":{"start":{"line":182,"column":4},"end":{"line":182,"column":5}},"loc":{"start":{"line":182,"column":19},"end":{"line":193,"column":5}},"line":182},"13":{"name":"(anonymous_13)","decl":{"start":{"line":195,"column":4},"end":{"line":195,"column":5}},"loc":{"start":{"line":195,"column":12},"end":{"line":197,"column":5}},"line":195},"14":{"name":"(anonymous_14)","decl":{"start":{"line":199,"column":4},"end":{"line":199,"column":5}},"loc":{"start":{"line":199,"column":15},"end":{"line":201,"column":5}},"line":199},"15":{"name":"renderStars","decl":{"start":{"line":209,"column":16},"end":{"line":209,"column":27}},"loc":{"start":{"line":209,"column":36},"end":{"line":232,"column":1}},"line":209},"16":{"name":"formatPrice","decl":{"start":{"line":241,"column":16},"end":{"line":241,"column":27}},"loc":{"start":{"line":241,"column":71},"end":{"line":266,"column":1}},"line":241},"17":{"name":"truncateText","decl":{"start":{"line":274,"column":16},"end":{"line":274,"column":28}},"loc":{"start":{"line":274,"column":52},"end":{"line":288,"column":1}},"line":274},"18":{"name":"generateA11yId","decl":{"start":{"line":297,"column":16},"end":{"line":297,"column":30}},"loc":{"start":{"line":297,"column":58},"end":{"line":300,"column":1}},"line":297},"19":{"name":"validateAffiliateUrl","decl":{"start":{"line":307,"column":16},"end":{"line":307,"column":36}},"loc":{"start":{"line":307,"column":42},"end":{"line":339,"column":1}},"line":307},"20":{"name":"stripHtml","decl":{"start":{"line":346,"column":16},"end":{"line":346,"column":25}},"loc":{"start":{"line":346,"column":32},"end":{"line":356,"column":1}},"line":346}},"branchMap":{"0":{"loc":{"start":{"line":23,"column":37},"end":{"line":23,"column":49}},"type":"default-arg","locations":[{"start":{"line":23,"column":47},"end":{"line":23,"column":49}}],"line":23},"1":{"loc":{"start":{"line":35,"column":4},"end":{"line":37,"column":5}},"type":"if","locations":[{"start":{"line":35,"column":4},"end":{"line":37,"column":5}},{"start":{},"end":{}}],"line":35},"2":{"loc":{"start":{"line":38,"column":11},"end":{"line":38,"column":21}},"type":"binary-expr","locations":[{"start":{"line":38,"column":11},"end":{"line":38,"column":16}},{"start":{"line":38,"column":20},"end":{"line":38,"column":21}}],"line":38},"3":{"loc":{"start":{"line":39,"column":4},"end":{"line":44,"column":5}},"type":"if","locations":[{"start":{"line":39,"column":4},"end":{"line":44,"column":5}},{"start":{},"end":{}}],"line":39},"4":{"loc":{"start":{"line":42,"column":18},"end":{"line":42,"column":74}},"type":"cond-expr","locations":[{"start":{"line":42,"column":27},"end":{"line":42,"column":64}},{"start":{"line":42,"column":67},"end":{"line":42,"column":74}}],"line":42},"5":{"loc":{"start":{"line":42,"column":36},"end":{"line":42,"column":57}},"type":"binary-expr","locations":[{"start":{"line":42,"column":36},"end":{"line":42,"column":52}},{"start":{"line":42,"column":56},"end":{"line":42,"column":57}}],"line":42},"6":{"loc":{"start":{"line":43,"column":19},"end":{"line":43,"column":72}},"type":"cond-expr","locations":[{"start":{"line":43,"column":43},"end":{"line":43,"column":61}},{"start":{"line":43,"column":64},"end":{"line":43,"column":72}}],"line":43},"7":{"loc":{"start":{"line":62,"column":15},"end":{"line":62,"column":50}},"type":"cond-expr","locations":[{"start":{"line":62,"column":25},"end":{"line":62,"column":41}},{"start":{"line":62,"column":44},"end":{"line":62,"column":50}}],"line":62},"8":{"loc":{"start":{"line":70,"column":15},"end":{"line":72,"column":25}},"type":"cond-expr","locations":[{"start":{"line":71,"column":14},"end":{"line":71,"column":66}},{"start":{"line":72,"column":14},"end":{"line":72,"column":25}}],"line":70},"9":{"loc":{"start":{"line":83,"column":12},"end":{"line":86,"column":54}},"type":"binary-expr","locations":[{"start":{"line":83,"column":12},"end":{"line":83,"column":38}},{"start":{"line":84,"column":12},"end":{"line":84,"column":37}},{"start":{"line":85,"column":12},"end":{"line":85,"column":33}},{"start":{"line":86,"column":13},"end":{"line":86,"column":19}},{"start":{"line":86,"column":23},"end":{"line":86,"column":53}}],"line":83},"10":{"loc":{"start":{"line":92,"column":8},"end":{"line":94,"column":9}},"type":"if","locations":[{"start":{"line":92,"column":8},"end":{"line":94,"column":9}},{"start":{},"end":{}}],"line":92},"11":{"loc":{"start":{"line":104,"column":8},"end":{"line":106,"column":9}},"type":"if","locations":[{"start":{"line":104,"column":8},"end":{"line":106,"column":9}},{"start":{},"end":{}}],"line":104},"12":{"loc":{"start":{"line":104,"column":12},"end":{"line":104,"column":32}},"type":"binary-expr","locations":[{"start":{"line":104,"column":12},"end":{"line":104,"column":20}},{"start":{"line":104,"column":24},"end":{"line":104,"column":32}}],"line":104},"13":{"loc":{"start":{"line":112,"column":8},"end":{"line":114,"column":9}},"type":"if","locations":[{"start":{"line":112,"column":8},"end":{"line":114,"column":9}},{"start":{},"end":{}}],"line":112},"14":{"loc":{"start":{"line":120,"column":15},"end":{"line":120,"column":72}},"type":"cond-expr","locations":[{"start":{"line":120,"column":39},"end":{"line":120,"column":45}},{"start":{"line":120,"column":48},"end":{"line":120,"column":72}}],"line":120},"15":{"loc":{"start":{"line":131,"column":8},"end":{"line":141,"column":9}},"type":"if","locations":[{"start":{"line":131,"column":8},"end":{"line":141,"column":9}},{"start":{},"end":{}}],"line":131},"16":{"loc":{"start":{"line":132,"column":12},"end":{"line":134,"column":13}},"type":"if","locations":[{"start":{"line":132,"column":12},"end":{"line":134,"column":13}},{"start":{},"end":{}}],"line":132},"17":{"loc":{"start":{"line":135,"column":12},"end":{"line":140,"column":13}},"type":"if","locations":[{"start":{"line":135,"column":12},"end":{"line":140,"column":13}},{"start":{},"end":{}}],"line":135},"18":{"loc":{"start":{"line":142,"column":8},"end":{"line":144,"column":9}},"type":"if","locations":[{"start":{"line":142,"column":8},"end":{"line":144,"column":9}},{"start":{},"end":{}}],"line":142},"19":{"loc":{"start":{"line":157,"column":16},"end":{"line":157,"column":36}},"type":"default-arg","locations":[{"start":{"line":157,"column":26},"end":{"line":157,"column":36}}],"line":157},"20":{"loc":{"start":{"line":157,"column":38},"end":{"line":157,"column":53}},"type":"default-arg","locations":[{"start":{"line":157,"column":44},"end":{"line":157,"column":53}}],"line":157},"21":{"loc":{"start":{"line":164,"column":8},"end":{"line":164,"column":46}},"type":"if","locations":[{"start":{"line":164,"column":8},"end":{"line":164,"column":46}},{"start":{},"end":{}}],"line":164},"22":{"loc":{"start":{"line":169,"column":8},"end":{"line":172,"column":9}},"type":"if","locations":[{"start":{"line":169,"column":8},"end":{"line":172,"column":9}},{"start":{},"end":{}}],"line":169},"23":{"loc":{"start":{"line":184,"column":8},"end":{"line":190,"column":9}},"type":"if","locations":[{"start":{"line":184,"column":8},"end":{"line":190,"column":9}},{"start":{"line":186,"column":15},"end":{"line":190,"column":9}}],"line":184},"24":{"loc":{"start":{"line":186,"column":15},"end":{"line":190,"column":9}},"type":"if","locations":[{"start":{"line":186,"column":15},"end":{"line":190,"column":9}},{"start":{},"end":{}}],"line":186},"25":{"loc":{"start":{"line":210,"column":4},"end":{"line":210,"column":57}},"type":"if","locations":[{"start":{"line":210,"column":4},"end":{"line":210,"column":57}},{"start":{},"end":{}}],"line":210},"26":{"loc":{"start":{"line":210,"column":8},"end":{"line":210,"column":43}},"type":"binary-expr","locations":[{"start":{"line":210,"column":8},"end":{"line":210,"column":15}},{"start":{"line":210,"column":19},"end":{"line":210,"column":29}},{"start":{"line":210,"column":33},"end":{"line":210,"column":43}}],"line":210},"27":{"loc":{"start":{"line":215,"column":40},"end":{"line":215,"column":59}},"type":"cond-expr","locations":[{"start":{"line":215,"column":54},"end":{"line":215,"column":55}},{"start":{"line":215,"column":58},"end":{"line":215,"column":59}}],"line":215},"28":{"loc":{"start":{"line":220,"column":4},"end":{"line":222,"column":5}},"type":"if","locations":[{"start":{"line":220,"column":4},"end":{"line":222,"column":5}},{"start":{},"end":{}}],"line":220},"29":{"loc":{"start":{"line":241,"column":35},"end":{"line":241,"column":51}},"type":"default-arg","locations":[{"start":{"line":241,"column":46},"end":{"line":241,"column":51}}],"line":241},"30":{"loc":{"start":{"line":241,"column":53},"end":{"line":241,"column":69}},"type":"default-arg","locations":[{"start":{"line":241,"column":62},"end":{"line":241,"column":69}}],"line":241},"31":{"loc":{"start":{"line":242,"column":4},"end":{"line":242,"column":57}},"type":"if","locations":[{"start":{"line":242,"column":4},"end":{"line":242,"column":57}},{"start":{},"end":{}}],"line":242},"32":{"loc":{"start":{"line":242,"column":8},"end":{"line":242,"column":45}},"type":"binary-expr","locations":[{"start":{"line":242,"column":8},"end":{"line":242,"column":22}},{"start":{"line":242,"column":26},"end":{"line":242,"column":45}}],"line":242},"33":{"loc":{"start":{"line":243,"column":21},"end":{"line":243,"column":74}},"type":"cond-expr","locations":[{"start":{"line":243,"column":49},"end":{"line":243,"column":66}},{"start":{"line":243,"column":69},"end":{"line":243,"column":74}}],"line":243},"34":{"loc":{"start":{"line":244,"column":4},"end":{"line":244,"column":35}},"type":"if","locations":[{"start":{"line":244,"column":4},"end":{"line":244,"column":35}},{"start":{},"end":{}}],"line":244},"35":{"loc":{"start":{"line":254,"column":8},"end":{"line":256,"column":9}},"type":"if","locations":[{"start":{"line":254,"column":8},"end":{"line":256,"column":9}},{"start":{},"end":{}}],"line":254},"36":{"loc":{"start":{"line":254,"column":12},"end":{"line":254,"column":53}},"type":"binary-expr","locations":[{"start":{"line":254,"column":12},"end":{"line":254,"column":33}},{"start":{"line":254,"column":37},"end":{"line":254,"column":53}}],"line":254},"37":{"loc":{"start":{"line":264,"column":18},"end":{"line":264,"column":53}},"type":"cond-expr","locations":[{"start":{"line":264,"column":39},"end":{"line":264,"column":42}},{"start":{"line":264,"column":45},"end":{"line":264,"column":53}}],"line":264},"38":{"loc":{"start":{"line":274,"column":35},"end":{"line":274,"column":50}},"type":"default-arg","locations":[{"start":{"line":274,"column":47},"end":{"line":274,"column":50}}],"line":274},"39":{"loc":{"start":{"line":275,"column":4},"end":{"line":275,"column":61}},"type":"if","locations":[{"start":{"line":275,"column":4},"end":{"line":275,"column":61}},{"start":{},"end":{}}],"line":275},"40":{"loc":{"start":{"line":275,"column":8},"end":{"line":275,"column":41}},"type":"binary-expr","locations":[{"start":{"line":275,"column":8},"end":{"line":275,"column":13}},{"start":{"line":275,"column":17},"end":{"line":275,"column":41}}],"line":275},"41":{"loc":{"start":{"line":275,"column":50},"end":{"line":275,"column":60}},"type":"binary-expr","locations":[{"start":{"line":275,"column":50},"end":{"line":275,"column":54}},{"start":{"line":275,"column":58},"end":{"line":275,"column":60}}],"line":275},"42":{"loc":{"start":{"line":283,"column":4},"end":{"line":285,"column":5}},"type":"if","locations":[{"start":{"line":283,"column":4},"end":{"line":285,"column":5}},{"start":{},"end":{}}],"line":283},"43":{"loc":{"start":{"line":297,"column":43},"end":{"line":297,"column":56}},"type":"default-arg","locations":[{"start":{"line":297,"column":54},"end":{"line":297,"column":56}}],"line":297},"44":{"loc":{"start":{"line":298,"column":25},"end":{"line":298,"column":55}},"type":"cond-expr","locations":[{"start":{"line":298,"column":36},"end":{"line":298,"column":50}},{"start":{"line":298,"column":53},"end":{"line":298,"column":55}}],"line":298},"45":{"loc":{"start":{"line":308,"column":4},"end":{"line":308,"column":25}},"type":"if","locations":[{"start":{"line":308,"column":4},"end":{"line":308,"column":25}},{"start":{},"end":{}}],"line":308},"46":{"loc":{"start":{"line":313,"column":8},"end":{"line":315,"column":9}},"type":"if","locations":[{"start":{"line":313,"column":8},"end":{"line":315,"column":9}},{"start":{},"end":{}}],"line":313},"47":{"loc":{"start":{"line":320,"column":8},"end":{"line":323,"column":9}},"type":"if","locations":[{"start":{"line":320,"column":8},"end":{"line":323,"column":9}},{"start":{},"end":{}}],"line":320},"48":{"loc":{"start":{"line":321,"column":12},"end":{"line":321,"column":102}},"type":"if","locations":[{"start":{"line":321,"column":12},"end":{"line":321,"column":102}},{"start":{},"end":{}}],"line":321},"49":{"loc":{"start":{"line":326,"column":8},"end":{"line":328,"column":9}},"type":"if","locations":[{"start":{"line":326,"column":8},"end":{"line":328,"column":9}},{"start":{},"end":{}}],"line":326},"50":{"loc":{"start":{"line":331,"column":8},"end":{"line":333,"column":9}},"type":"if","locations":[{"start":{"line":331,"column":8},"end":{"line":333,"column":9}},{"start":{},"end":{}}],"line":331},"51":{"loc":{"start":{"line":331,"column":12},"end":{"line":331,"column":46}},"type":"binary-expr","locations":[{"start":{"line":331,"column":12},"end":{"line":331,"column":27}},{"start":{"line":331,"column":31},"end":{"line":331,"column":46}}],"line":331},"52":{"loc":{"start":{"line":347,"column":4},"end":{"line":347,"column":25}},"type":"if","locations":[{"start":{"line":347,"column":4},"end":{"line":347,"column":25}},{"start":{},"end":{}}],"line":347},"53":{"loc":{"start":{"line":349,"column":4},"end":{"line":353,"column":5}},"type":"if","locations":[{"start":{"line":349,"column":4},"end":{"line":353,"column":5}},{"start":{},"end":{}}],"line":349},"54":{"loc":{"start":{"line":352,"column":15},"end":{"line":352,"column":53}},"type":"binary-expr","locations":[{"start":{"line":352,"column":15},"end":{"line":352,"column":30}},{"start":{"line":352,"column":34},"end":{"line":352,"column":47}},{"start":{"line":352,"column":51},"end":{"line":352,"column":53}}],"line":352}},"s":{"0":5,"1":5,"2":5,"3":5,"4":5,"5":0,"6":5,"7":5,"8":5,"9":5,"10":5,"11":5,"12":3,"13":3,"14":3,"15":3,"16":3,"17":3,"18":5,"19":5,"20":5,"21":0,"22":0,"23":0,"24":0,"25":12,"26":12,"27":12,"28":3,"29":3,"30":3,"31":0,"32":3,"33":3,"34":3,"35":0,"36":0,"37":3,"38":2,"39":3,"40":3,"41":0,"42":9,"43":9,"44":9,"45":9,"46":9,"47":9,"48":5,"49":5,"50":0,"51":0,"52":0,"53":0,"54":4,"55":0,"56":4,"57":5,"58":5,"59":5,"60":10,"61":10,"62":10,"63":5,"64":2,"65":3,"66":3,"67":1,"68":1,"69":2,"70":2,"71":2,"72":9,"73":0,"74":9,"75":1,"76":1,"77":9,"78":5,"79":3,"80":0,"81":0,"82":0,"83":0,"84":0,"85":0,"86":0,"87":0,"88":0,"89":0,"90":0,"91":0,"92":0,"93":0,"94":0,"95":5,"96":0,"97":5,"98":5,"99":0,"100":5,"101":5,"102":5,"103":0,"104":5,"105":0,"106":5,"107":4,"108":1,"109":1,"110":1,"111":1,"112":1,"113":2,"114":2,"115":5,"116":1,"117":4,"118":4,"119":3,"120":1,"121":2,"122":2,"123":0,"124":0,"125":0,"126":2,"127":0,"128":2,"129":0,"130":2,"131":1,"132":6,"133":2,"134":4,"135":4,"136":4,"137":4,"138":0},"f":{"0":5,"1":3,"2":5,"3":0,"4":12,"5":3,"6":3,"7":3,"8":0,"9":9,"10":10,"11":5,"12":9,"13":5,"14":3,"15":0,"16":5,"17":5,"18":2,"19":5,"20":6},"b":{"0":[3],"1":[0,5],"2":[5,0],"3":[5,0],"4":[0,5],"5":[0,0],"6":[0,5],"7":[0,5],"8":[0,0],"9":[12,7,4,4,0],"10":[3,0],"11":[3,0],"12":[3,3],"13":[2,1],"14":[0,0],"15":[5,4],"16":[5,0],"17":[0,0],"18":[0,4],"19":[0],"20":[0],"21":[2,3],"22":[1,2],"23":[0,9],"24":[1,8],"25":[0,0],"26":[0,0,0],"27":[0,0],"28":[0,0],"29":[5],"30":[5],"31":[0,5],"32":[5,5],"33":[0,5],"34":[0,5],"35":[0,5],"36":[5,5],"37":[0,0],"38":[3],"39":[4,1],"40":[5,2],"41":[4,3],"42":[1,0],"43":[1],"44":[1,1],"45":[1,4],"46":[1,2],"47":[0,2],"48":[0,0],"49":[0,2],"50":[0,2],"51":[2,2],"52":[2,4],"53":[4,0],"54":[4,0,0]},"_coverageSchema":"1a1c01bbd47fc00a2c39e90264f33305004495a9","hash":"2e172ddcea5f31493f201f7096b440d1b3029279"}
,"E:\\webiste theme and plugin\\affiliate-product-showcase\\affiliate-product-showcase\\wp-content\\plugins\\affiliate-product-showcase\\blocks\\shared\\hooks\\index.js": {"path":"E:\\webiste theme and plugin\\affiliate-product-showcase\\affiliate-product-showcase\\wp-content\\plugins\\affiliate-product-showcase\\blocks\\shared\\hooks\\index.js","statementMap":{},"fnMap":{},"branchMap":{},"s":{},"f":{},"b":{},"_coverageSchema":"1a1c01bbd47fc00a2c39e90264f33305004495a9","hash":"420084746633f5f9030ae2ff5fc95e56c9828601"}
,"E:\\webiste theme and plugin\\affiliate-product-showcase\\affiliate-product-showcase\\wp-content\\plugins\\affiliate-product-showcase\\blocks\\shared\\hooks\\useDebounce.js": {"path":"E:\\webiste theme and plugin\\affiliate-product-showcase\\affiliate-product-showcase\\wp-content\\plugins\\affiliate-product-showcase\\blocks\\shared\\hooks\\useDebounce.js","statementMap":{"0":{"start":{"line":23,"column":26},"end":{"line":25,"column":54}},"1":{"start":{"line":24,"column":8},"end":{"line":24,"column":45}},"2":{"start":{"line":28,"column":4},"end":{"line":32,"column":24}},"3":{"start":{"line":29,"column":8},"end":{"line":31,"column":10}},"4":{"start":{"line":30,"column":12},"end":{"line":30,"column":35}},"5":{"start":{"line":34,"column":4},"end":{"line":34,"column":25}}},"fnMap":{"0":{"name":"useDebounce","decl":{"start":{"line":22,"column":24},"end":{"line":22,"column":35}},"loc":{"start":{"line":22,"column":73},"end":{"line":35,"column":1}},"line":22},"1":{"name":"(anonymous_1)","decl":{"start":{"line":23,"column":34},"end":{"line":23,"column":35}},"loc":{"start":{"line":23,"column":40},"end":{"line":25,"column":5}},"line":23},"2":{"name":"(anonymous_2)","decl":{"start":{"line":28,"column":14},"end":{"line":28,"column":15}},"loc":{"start":{"line":28,"column":20},"end":{"line":32,"column":5}},"line":28},"3":{"name":"(anonymous_3)","decl":{"start":{"line":29,"column":15},"end":{"line":29,"column":16}},"loc":{"start":{"line":29,"column":21},"end":{"line":31,"column":9}},"line":29}},"branchMap":{"0":{"loc":{"start":{"line":22,"column":48},"end":{"line":22,"column":60}},"type":"default-arg","locations":[{"start":{"line":22,"column":58},"end":{"line":22,"column":60}}],"line":22},"1":{"loc":{"start":{"line":22,"column":62},"end":{"line":22,"column":71}},"type":"default-arg","locations":[{"start":{"line":22,"column":69},"end":{"line":22,"column":71}}],"line":22}},"s":{"0":2,"1":2,"2":2,"3":2,"4":2,"5":2},"f":{"0":2,"1":2,"2":2,"3":2},"b":{"0":[2],"1":[2]},"_coverageSchema":"1a1c01bbd47fc00a2c39e90264f33305004495a9","hash":"a96912c5467b60fd9674240364626b0c4780a7a1"}
,"E:\\webiste theme and plugin\\affiliate-product-showcase\\affiliate-product-showcase\\wp-content\\plugins\\affiliate-product-showcase\\blocks\\shared\\hooks\\useProductCache.js": {"path":"E:\\webiste theme and plugin\\affiliate-product-showcase\\affiliate-product-showcase\\wp-content\\plugins\\affiliate-product-showcase\\blocks\\shared\\hooks\\useProductCache.js","statementMap":{"0":{"start":{"line":24,"column":21},"end":{"line":24,"column":33}},"1":{"start":{"line":27,"column":4},"end":{"line":29,"column":5}},"2":{"start":{"line":28,"column":8},"end":{"line":28,"column":57}},"3":{"start":{"line":32,"column":4},"end":{"line":38,"column":11}},"4":{"start":{"line":33,"column":8},"end":{"line":37,"column":10}},"5":{"start":{"line":34,"column":12},"end":{"line":36,"column":13}},"6":{"start":{"line":35,"column":16},"end":{"line":35,"column":41}},"7":{"start":{"line":40,"column":4},"end":{"line":40,"column":28}}},"fnMap":{"0":{"name":"useProductCache","decl":{"start":{"line":22,"column":24},"end":{"line":22,"column":39}},"loc":{"start":{"line":22,"column":79},"end":{"line":41,"column":1}},"line":22},"1":{"name":"(anonymous_1)","decl":{"start":{"line":32,"column":14},"end":{"line":32,"column":15}},"loc":{"start":{"line":32,"column":20},"end":{"line":38,"column":5}},"line":32},"2":{"name":"(anonymous_2)","decl":{"start":{"line":33,"column":15},"end":{"line":33,"column":16}},"loc":{"start":{"line":33,"column":21},"end":{"line":37,"column":9}},"line":33}},"branchMap":{"0":{"loc":{"start":{"line":22,"column":40},"end":{"line":22,"column":60}},"type":"default-arg","locations":[{"start":{"line":22,"column":50},"end":{"line":22,"column":60}}],"line":22},"1":{"loc":{"start":{"line":22,"column":62},"end":{"line":22,"column":77}},"type":"default-arg","locations":[{"start":{"line":22,"column":68},"end":{"line":22,"column":77}}],"line":22},"2":{"loc":{"start":{"line":27,"column":4},"end":{"line":29,"column":5}},"type":"if","locations":[{"start":{"line":27,"column":4},"end":{"line":29,"column":5}},{"start":{},"end":{}}],"line":27},"3":{"loc":{"start":{"line":34,"column":12},"end":{"line":36,"column":13}},"type":"if","locations":[{"start":{"line":34,"column":12},"end":{"line":36,"column":13}},{"start":{},"end":{}}],"line":34}},"s":{"0":5,"1":5,"2":4,"3":5,"4":4,"5":4,"6":4,"7":5},"f":{"0":5,"1":4,"2":4},"b":{"0":[5],"1":[5],"2":[4,1],"3":[4,0]},"_coverageSchema":"1a1c01bbd47fc00a2c39e90264f33305004495a9","hash":"f5d77697cea50ebcde9f5a5355ed3e085760668a"}
,"E:\\webiste theme and plugin\\affiliate-product-showcase\\affiliate-product-showcase\\wp-content\\plugins\\affiliate-product-showcase\\blocks\\shared\\hooks\\useProducts.js": {"path":"E:\\webiste theme and plugin\\affiliate-product-showcase\\affiliate-product-showcase\\wp-content\\plugins\\affiliate-product-showcase\\blocks\\shared\\hooks\\useProducts.js","statementMap":{"0":{"start":{"line":23,"column":36},"end":{"line":23,"column":48}},"1":{"start":{"line":24,"column":38},"end":{"line":24,"column":53}},"2":{"start":{"line":25,"column":30},"end":{"line":25,"column":44}},"3":{"start":{"line":29,"column":22},"end":{"line":29,"column":36}},"4":{"start":{"line":30,"column":4},"end":{"line":30,"column":31}},"5":{"start":{"line":32,"column":26},"end":{"line":92,"column":45}},"6":{"start":{"line":33,"column":8},"end":{"line":33,"column":25}},"7":{"start":{"line":33,"column":18},"end":{"line":33,"column":25}},"8":{"start":{"line":35,"column":8},"end":{"line":35,"column":27}},"9":{"start":{"line":36,"column":8},"end":{"line":36,"column":23}},"10":{"start":{"line":38,"column":8},"end":{"line":91,"column":9}},"11":{"start":{"line":41,"column":29},"end":{"line":46,"column":13}},"12":{"start":{"line":43,"column":20},"end":{"line":43,"column":43}},"13":{"start":{"line":44,"column":20},"end":{"line":44,"column":31}},"14":{"start":{"line":49,"column":12},"end":{"line":56,"column":13}},"15":{"start":{"line":50,"column":35},"end":{"line":50,"column":54}},"16":{"start":{"line":51,"column":16},"end":{"line":55,"column":17}},"17":{"start":{"line":52,"column":20},"end":{"line":52,"column":44}},"18":{"start":{"line":53,"column":20},"end":{"line":53,"column":40}},"19":{"start":{"line":54,"column":20},"end":{"line":54,"column":27}},"20":{"start":{"line":59,"column":29},"end":{"line":67,"column":14}},"21":{"start":{"line":69,"column":12},"end":{"line":77,"column":13}},"22":{"start":{"line":71,"column":16},"end":{"line":73,"column":17}},"23":{"start":{"line":72,"column":20},"end":{"line":72,"column":50}},"24":{"start":{"line":74,"column":16},"end":{"line":74,"column":38}},"25":{"start":{"line":76,"column":16},"end":{"line":76,"column":32}},"26":{"start":{"line":79,"column":12},"end":{"line":81,"column":13}},"27":{"start":{"line":80,"column":16},"end":{"line":80,"column":23}},"28":{"start":{"line":82,"column":12},"end":{"line":84,"column":13}},"29":{"start":{"line":83,"column":16},"end":{"line":83,"column":63}},"30":{"start":{"line":85,"column":12},"end":{"line":85,"column":101}},"31":{"start":{"line":86,"column":12},"end":{"line":86,"column":28}},"32":{"start":{"line":88,"column":12},"end":{"line":90,"column":13}},"33":{"start":{"line":89,"column":16},"end":{"line":89,"column":36}},"34":{"start":{"line":94,"column":4},"end":{"line":101,"column":24}},"35":{"start":{"line":95,"column":32},"end":{"line":95,"column":53}},"36":{"start":{"line":96,"column":8},"end":{"line":96,"column":46}},"37":{"start":{"line":98,"column":8},"end":{"line":100,"column":10}},"38":{"start":{"line":99,"column":12},"end":{"line":99,"column":36}},"39":{"start":{"line":103,"column":4},"end":{"line":108,"column":6}},"40":{"start":{"line":107,"column":23},"end":{"line":107,"column":38}}},"fnMap":{"0":{"name":"useProducts","decl":{"start":{"line":22,"column":24},"end":{"line":22,"column":35}},"loc":{"start":{"line":22,"column":86},"end":{"line":109,"column":1}},"line":22},"1":{"name":"(anonymous_1)","decl":{"start":{"line":32,"column":38},"end":{"line":32,"column":39}},"loc":{"start":{"line":32,"column":61},"end":{"line":92,"column":5}},"line":32},"2":{"name":"(anonymous_2)","decl":{"start":{"line":42,"column":50},"end":{"line":42,"column":51}},"loc":{"start":{"line":42,"column":64},"end":{"line":45,"column":17}},"line":42},"3":{"name":"(anonymous_3)","decl":{"start":{"line":94,"column":14},"end":{"line":94,"column":15}},"loc":{"start":{"line":94,"column":20},"end":{"line":101,"column":5}},"line":94},"4":{"name":"(anonymous_4)","decl":{"start":{"line":98,"column":15},"end":{"line":98,"column":16}},"loc":{"start":{"line":98,"column":21},"end":{"line":100,"column":9}},"line":98},"5":{"name":"(anonymous_5)","decl":{"start":{"line":107,"column":17},"end":{"line":107,"column":18}},"loc":{"start":{"line":107,"column":23},"end":{"line":107,"column":38}},"line":107}},"branchMap":{"0":{"loc":{"start":{"line":22,"column":36},"end":{"line":22,"column":47}},"type":"default-arg","locations":[{"start":{"line":22,"column":45},"end":{"line":22,"column":47}}],"line":22},"1":{"loc":{"start":{"line":22,"column":49},"end":{"line":22,"column":84}},"type":"default-arg","locations":[{"start":{"line":22,"column":82},"end":{"line":22,"column":84}}],"line":22},"2":{"loc":{"start":{"line":22,"column":51},"end":{"line":22,"column":63}},"type":"default-arg","locations":[{"start":{"line":22,"column":59},"end":{"line":22,"column":63}}],"line":22},"3":{"loc":{"start":{"line":22,"column":65},"end":{"line":22,"column":77}},"type":"default-arg","locations":[{"start":{"line":22,"column":72},"end":{"line":22,"column":77}}],"line":22},"4":{"loc":{"start":{"line":33,"column":8},"end":{"line":33,"column":25}},"type":"if","locations":[{"start":{"line":33,"column":8},"end":{"line":33,"column":25}},{"start":{},"end":{}}],"line":33},"5":{"loc":{"start":{"line":49,"column":12},"end":{"line":56,"column":13}},"type":"if","locations":[{"start":{"line":49,"column":12},"end":{"line":56,"column":13}},{"start":{},"end":{}}],"line":49},"6":{"loc":{"start":{"line":51,"column":16},"end":{"line":55,"column":17}},"type":"if","locations":[{"start":{"line":51,"column":16},"end":{"line":55,"column":17}},{"start":{},"end":{}}],"line":51},"7":{"loc":{"start":{"line":69,"column":12},"end":{"line":77,"column":13}},"type":"if","locations":[{"start":{"line":69,"column":12},"end":{"line":77,"column":13}},{"start":{"line":75,"column":19},"end":{"line":77,"column":13}}],"line":69},"8":{"loc":{"start":{"line":69,"column":16},"end":{"line":69,"column":51}},"type":"binary-expr","locations":[{"start":{"line":69,"column":16},"end":{"line":69,"column":24}},{"start":{"line":69,"column":28},"end":{"line":69,"column":51}}],"line":69},"9":{"loc":{"start":{"line":71,"column":16},"end":{"line":73,"column":17}},"type":"if","locations":[{"start":{"line":71,"column":16},"end":{"line":73,"column":17}},{"start":{},"end":{}}],"line":71},"10":{"loc":{"start":{"line":79,"column":12},"end":{"line":81,"column":13}},"type":"if","locations":[{"start":{"line":79,"column":12},"end":{"line":81,"column":13}},{"start":{},"end":{}}],"line":79},"11":{"loc":{"start":{"line":82,"column":12},"end":{"line":84,"column":13}},"type":"if","locations":[{"start":{"line":82,"column":12},"end":{"line":84,"column":13}},{"start":{},"end":{}}],"line":82},"12":{"loc":{"start":{"line":88,"column":12},"end":{"line":90,"column":13}},"type":"if","locations":[{"start":{"line":88,"column":12},"end":{"line":90,"column":13}},{"start":{},"end":{}}],"line":88}},"s":{"0":6,"1":6,"2":6,"3":6,"4":6,"5":6,"6":3,"7":0,"8":3,"9":3,"10":3,"11":3,"12":2,"13":2,"14":3,"15":1,"16":1,"17":1,"18":1,"19":1,"20":2,"21":1,"22":1,"23":0,"24":1,"25":0,"26":1,"27":0,"28":1,"29":0,"30":1,"31":1,"32":3,"33":3,"34":6,"35":3,"36":3,"37":3,"38":3,"39":6,"40":0},"f":{"0":6,"1":3,"2":2,"3":3,"4":3,"5":0},"b":{"0":[2],"1":[4],"2":[4],"3":[6],"4":[0,3],"5":[1,2],"6":[1,0],"7":[1,0],"8":[1,1],"9":[0,1],"10":[0,1],"11":[0,1],"12":[3,0]},"_coverageSchema":"1a1c01bbd47fc00a2c39e90264f33305004495a9","hash":"178c146b8cf6768bdfee650b9940005a340073c7"}
}
