TN:
SF:blocks\product-grid\edit.jsx
FN:15,Edit
FNF:1
FNH:1
FNDA:2,Edit
DA:16,2
DA:30,1
LF:2
LH:2
BRF:0
BRH:0
end_of_record
TN:
SF:blocks\product-grid\edit\GridInspector.jsx
FN:10,(anonymous_0)
FN:22,(anonymous_1)
FN:29,(anonymous_2)
FN:36,(anonymous_3)
FN:81,(anonymous_4)
FN:88,(anonymous_5)
FN:95,(anonymous_6)
FN:110,(anonymous_7)
FN:120,(anonymous_8)
FN:134,(anonymous_9)
FN:148,(anonymous_10)
FN:162,(anonymous_11)
FNF:12
FNH:1
FNDA:2,(anonymous_0)
FNDA:0,(anonymous_1)
FNDA:0,(anonymous_2)
FNDA:0,(anonymous_3)
FNDA:0,(anonymous_4)
FNDA:0,(anonymous_5)
FNDA:0,(anonymous_6)
FNDA:0,(anonymous_7)
FNDA:0,(anonymous_8)
FNDA:0,(anonymous_9)
FNDA:0,(anonymous_10)
FNDA:0,(anonymous_11)
DA:10,1
DA:19,2
DA:21,2
DA:22,0
DA:28,2
DA:29,0
DA:35,2
DA:36,0
DA:42,2
DA:81,0
DA:88,0
DA:95,0
DA:110,0
DA:120,0
DA:134,0
DA:148,0
DA:162,0
DA:194,1
DA:196,1
LF:19
LH:8
BRF:0
BRH:0
end_of_record
TN:
SF:blocks\product-grid\edit\GridPreview.jsx
FN:23,(anonymous_0)
FN:26,(anonymous_1)
FN:100,(anonymous_2)
FNF:3
FNH:2
FNDA:0,(anonymous_0)
FNDA:2,(anonymous_1)
FNDA:2,(anonymous_2)
DA:20,1
DA:21,1
DA:23,0
DA:26,1
DA:35,2
DA:37,2
DA:47,2
DA:50,2
DA:55,2
DA:56,0
DA:63,2
DA:64,1
DA:73,1
DA:74,0
DA:83,1
DA:101,2
DA:116,1
LF:17
LH:14
BRDA:20,0,0,1
BRDA:20,0,1,0
BRDA:55,1,0,0
BRDA:55,1,1,2
BRDA:63,2,0,1
BRDA:63,2,1,1
BRDA:73,3,0,0
BRDA:73,3,1,1
BRDA:86,4,0,0
BRDA:86,4,1,1
BRF:10
BRH:6
end_of_record
TN:
SF:blocks\product-grid\edit\ProductCard.jsx
FN:13,(anonymous_0)
FNF:1
FNH:1
FNDA:2,(anonymous_0)
DA:13,1
DA:15,2
DA:17,2
DA:20,2
DA:22,2
DA:64,1
DA:66,1
LF:7
LH:7
BRDA:15,0,0,0
BRDA:15,0,1,2
BRDA:20,1,0,2
BRDA:20,1,1,2
BRDA:24,2,0,2
BRDA:24,2,1,2
BRDA:31,3,0,2
BRDA:31,3,1,2
BRDA:31,3,2,0
BRDA:38,4,0,2
BRDA:38,4,1,2
BRDA:38,4,2,0
BRDA:41,5,0,2
BRDA:41,5,1,2
BRDA:41,5,2,2
BRF:15
BRH:12
end_of_record
TN:
SF:blocks\product-showcase\edit.jsx
FN:15,Edit
FNF:1
FNH:1
FNDA:3,Edit
DA:16,3
DA:30,1
LF:2
LH:2
BRF:0
BRH:0
end_of_record
TN:
SF:blocks\product-showcase\edit\ProductCard.jsx
FN:13,(anonymous_0)
FNF:1
FNH:1
FNDA:2,(anonymous_0)
DA:13,1
DA:15,2
DA:17,2
DA:18,2
DA:19,2
DA:21,2
DA:64,1
DA:66,1
LF:8
LH:8
BRDA:15,0,0,0
BRDA:15,0,1,2
BRDA:18,1,0,2
BRDA:18,1,1,2
BRDA:19,2,0,2
BRDA:19,2,1,0
BRDA:23,3,0,2
BRDA:23,3,1,2
BRDA:30,4,0,2
BRDA:30,4,1,0
BRDA:37,5,0,2
BRDA:37,5,1,2
BRDA:37,5,2,2
BRDA:45,6,0,2
BRDA:45,6,1,2
BRDA:45,6,2,0
BRDA:47,7,0,0
BRDA:47,7,1,0
BRDA:50,8,0,2
BRDA:50,8,1,2
BRF:20
BRH:14
end_of_record
TN:
SF:blocks\product-showcase\edit\ShowcaseInspector.jsx
FN:16,(anonymous_0)
FN:31,(anonymous_1)
FN:36,(anonymous_2)
FN:41,(anonymous_3)
FN:46,(anonymous_4)
FN:102,(anonymous_5)
FN:109,(anonymous_6)
FN:116,(anonymous_7)
FN:124,(anonymous_8)
FN:135,(anonymous_9)
FN:150,(anonymous_10)
FN:164,(anonymous_11)
FN:178,(anonymous_12)
FNF:13
FNH:1
FNDA:3,(anonymous_0)
FNDA:0,(anonymous_1)
FNDA:0,(anonymous_2)
FNDA:0,(anonymous_3)
FNDA:0,(anonymous_4)
FNDA:0,(anonymous_5)
FNDA:0,(anonymous_6)
FNDA:0,(anonymous_7)
FNDA:0,(anonymous_8)
FNDA:0,(anonymous_9)
FNDA:0,(anonymous_10)
FNDA:0,(anonymous_11)
FNDA:0,(anonymous_12)
DA:16,1
DA:26,3
DA:28,3
DA:30,3
DA:31,0
DA:35,3
DA:36,0
DA:40,3
DA:41,0
DA:45,3
DA:46,0
DA:50,3
DA:102,0
DA:109,0
DA:116,0
DA:124,0
DA:135,0
DA:150,0
DA:164,0
DA:178,0
DA:213,1
DA:215,1
LF:22
LH:10
BRDA:28,0,0,3
BRDA:28,0,1,0
BRDA:77,1,0,3
BRDA:77,1,1,3
BRDA:120,2,0,3
BRDA:120,2,1,3
BRDA:196,3,0,3
BRDA:196,3,1,0
BRDA:198,4,0,3
BRDA:198,4,1,3
BRF:10
BRH:8
end_of_record
TN:
SF:blocks\product-showcase\edit\ShowcasePreview.jsx
FN:15,(anonymous_0)
FN:79,(anonymous_1)
FNF:2
FNH:2
FNDA:3,(anonymous_0)
FNDA:2,(anonymous_1)
DA:15,1
DA:25,3
DA:27,3
DA:40,3
DA:43,3
DA:48,3
DA:49,1
DA:56,2
DA:57,0
DA:66,2
DA:67,0
DA:76,2
DA:80,2
DA:96,1
LF:14
LH:12
BRDA:48,0,0,1
BRDA:48,0,1,2
BRDA:56,1,0,0
BRDA:56,1,1,2
BRDA:66,2,0,0
BRDA:66,2,1,2
BRF:6
BRH:4
end_of_record
TN:
SF:blocks\shared\components.jsx
FN:19,(anonymous_0)
FN:24,(anonymous_1)
FN:28,(anonymous_2)
FN:38,(anonymous_3)
FN:42,(anonymous_4)
FN:49,(anonymous_5)
FN:91,(anonymous_6)
FN:106,(anonymous_7)
FN:120,(anonymous_8)
FN:130,(anonymous_9)
FN:165,(anonymous_10)
FN:192,(anonymous_11)
FN:210,(anonymous_12)
FN:228,(anonymous_13)
FNF:14
FNH:10
FNDA:4,(anonymous_0)
FNDA:2,(anonymous_1)
FNDA:1,(anonymous_2)
FNDA:0,(anonymous_3)
FNDA:0,(anonymous_4)
FNDA:5,(anonymous_5)
FNDA:3,(anonymous_6)
FNDA:2,(anonymous_7)
FNDA:3,(anonymous_8)
FNDA:0,(anonymous_9)
FNDA:4,(anonymous_10)
FNDA:3,(anonymous_11)
FNDA:0,(anonymous_12)
FNDA:2,(anonymous_13)
DA:20,4
DA:21,3
DA:25,2
DA:29,1
DA:30,0
DA:33,1
DA:34,0
DA:38,3
DA:39,0
DA:40,0
DA:42,0
DA:50,5
DA:51,2
DA:53,2
DA:74,3
DA:78,1
DA:84,1
DA:91,1
DA:92,3
DA:98,1
DA:99,1
DA:106,1
DA:107,2
DA:112,1
DA:113,1
DA:120,1
DA:121,3
DA:130,3
DA:131,0
DA:134,3
DA:135,1
DA:144,2
DA:155,1
DA:156,1
DA:165,1
DA:166,4
DA:168,3
DA:182,1
DA:183,1
DA:192,1
DA:193,3
DA:195,2
DA:202,1
DA:203,1
DA:210,1
DA:211,0
DA:213,0
DA:220,1
DA:221,1
DA:228,1
DA:229,2
DA:241,1
DA:242,1
LF:53
LH:45
BRDA:29,0,0,0
BRDA:29,0,1,1
BRDA:33,1,0,0
BRDA:33,1,1,1
BRDA:39,2,0,0
BRDA:39,2,1,0
BRDA:39,3,0,0
BRDA:39,3,1,0
BRDA:50,4,0,2
BRDA:50,4,1,3
BRDA:51,5,0,2
BRDA:51,5,1,0
BRDA:56,6,0,2
BRDA:56,6,1,2
BRDA:65,7,0,2
BRDA:65,7,1,0
BRDA:94,8,0,3
BRDA:94,8,1,2
BRDA:108,9,0,2
BRDA:108,9,1,1
BRDA:120,10,0,3
BRDA:134,11,0,1
BRDA:134,11,1,2
BRDA:134,12,0,3
BRDA:134,12,1,2
BRDA:147,13,0,2
BRDA:147,13,1,0
BRDA:165,14,0,4
BRDA:166,15,0,1
BRDA:166,15,1,3
BRDA:173,16,0,3
BRDA:173,16,1,2
BRDA:193,17,0,1
BRDA:193,17,1,2
BRDA:211,18,0,0
BRDA:211,18,1,0
BRDA:228,19,0,2
BRF:37
BRH:26
end_of_record
TN:
SF:blocks\shared\constants.js
FNF:0
FNH:0
DA:11,7
DA:14,7
DA:15,7
DA:18,7
DA:19,7
DA:22,7
DA:23,7
DA:24,7
LF:8
LH:8
BRF:0
BRH:0
end_of_record
TN:
SF:blocks\shared\utils.js
FN:23,debounce
FN:46,invokeFunc
FN:56,leadingEdge
FN:65,remainingWait
FN:75,shouldInvoke
FN:90,timerExpired
FN:99,trailingEdge
FN:111,cancel
FN:119,flush
FN:123,debounced
FN:157,(anonymous_10)
FN:163,(anonymous_11)
FN:182,(anonymous_12)
FN:195,(anonymous_13)
FN:199,(anonymous_14)
FN:209,renderStars
FN:241,formatPrice
FN:274,truncateText
FN:297,generateA11yId
FN:307,validateAffiliateUrl
FN:346,stripHtml
FNF:21
FNH:18
FNDA:5,debounce
FNDA:3,invokeFunc
FNDA:5,leadingEdge
FNDA:0,remainingWait
FNDA:12,shouldInvoke
FNDA:3,timerExpired
FNDA:3,trailingEdge
FNDA:3,cancel
FNDA:0,flush
FNDA:9,debounced
FNDA:10,(anonymous_10)
FNDA:5,(anonymous_11)
FNDA:9,(anonymous_12)
FNDA:5,(anonymous_13)
FNDA:3,(anonymous_14)
FNDA:0,renderStars
FNDA:5,formatPrice
FNDA:5,truncateText
FNDA:2,generateA11yId
FNDA:5,validateAffiliateUrl
FNDA:6,stripHtml
DA:30,5
DA:31,5
DA:32,5
DA:33,5
DA:35,5
DA:36,0
DA:38,5
DA:39,5
DA:40,5
DA:41,5
DA:42,5
DA:43,5
DA:47,3
DA:48,3
DA:50,3
DA:51,3
DA:52,3
DA:53,3
DA:58,5
DA:60,5
DA:62,5
DA:66,0
DA:67,0
DA:68,0
DA:70,0
DA:76,12
DA:77,12
DA:82,12
DA:91,3
DA:92,3
DA:93,3
DA:96,0
DA:100,3
DA:104,3
DA:105,3
DA:107,0
DA:108,0
DA:112,3
DA:113,2
DA:115,3
DA:116,3
DA:120,0
DA:124,9
DA:125,9
DA:127,9
DA:128,9
DA:129,9
DA:131,9
DA:132,5
DA:133,5
DA:135,0
DA:137,0
DA:138,0
DA:139,0
DA:142,4
DA:143,0
DA:145,4
DA:148,5
DA:149,5
DA:150,5
DA:158,10
DA:159,10
DA:160,10
DA:164,5
DA:166,3
DA:169,3
DA:170,1
DA:171,1
DA:175,2
DA:176,2
DA:179,2
DA:184,9
DA:185,0
DA:186,9
DA:188,1
DA:189,1
DA:192,9
DA:196,5
DA:200,3
DA:210,0
DA:212,0
DA:213,0
DA:214,0
DA:215,0
DA:217,0
DA:218,0
DA:220,0
DA:221,0
DA:223,0
DA:224,0
DA:227,0
DA:242,5
DA:243,5
DA:244,5
DA:246,5
DA:253,5
DA:254,5
DA:255,0
DA:258,5
DA:264,0
DA:275,5
DA:278,1
DA:281,1
DA:283,1
DA:284,1
DA:287,1
DA:298,2
DA:299,2
DA:308,5
DA:309,4
DA:310,4
DA:313,3
DA:314,1
DA:317,2
DA:320,2
DA:321,0
DA:322,0
DA:326,2
DA:327,0
DA:331,2
DA:332,0
DA:335,2
DA:337,1
DA:347,6
DA:349,4
DA:350,4
DA:351,4
DA:352,4
DA:355,0
LF:129
LH:95
BRDA:23,0,0,3
BRDA:35,1,0,0
BRDA:35,1,1,5
BRDA:38,2,0,5
BRDA:38,2,1,0
BRDA:39,3,0,5
BRDA:39,3,1,0
BRDA:42,4,0,0
BRDA:42,4,1,5
BRDA:42,5,0,0
BRDA:42,5,1,0
BRDA:43,6,0,0
BRDA:43,6,1,5
BRDA:62,7,0,0
BRDA:62,7,1,5
BRDA:70,8,0,0
BRDA:70,8,1,0
BRDA:83,9,0,12
BRDA:83,9,1,7
BRDA:83,9,2,4
BRDA:83,9,3,4
BRDA:83,9,4,0
BRDA:92,10,0,3
BRDA:92,10,1,0
BRDA:104,11,0,3
BRDA:104,11,1,0
BRDA:104,12,0,3
BRDA:104,12,1,3
BRDA:112,13,0,2
BRDA:112,13,1,1
BRDA:120,14,0,0
BRDA:120,14,1,0
BRDA:131,15,0,5
BRDA:131,15,1,4
BRDA:132,16,0,5
BRDA:132,16,1,0
BRDA:135,17,0,0
BRDA:135,17,1,0
BRDA:142,18,0,0
BRDA:142,18,1,4
BRDA:157,19,0,0
BRDA:157,20,0,0
BRDA:164,21,0,2
BRDA:164,21,1,3
BRDA:169,22,0,1
BRDA:169,22,1,2
BRDA:184,23,0,0
BRDA:184,23,1,9
BRDA:186,24,0,1
BRDA:186,24,1,8
BRDA:210,25,0,0
BRDA:210,25,1,0
BRDA:210,26,0,0
BRDA:210,26,1,0
BRDA:210,26,2,0
BRDA:215,27,0,0
BRDA:215,27,1,0
BRDA:220,28,0,0
BRDA:220,28,1,0
BRDA:241,29,0,5
BRDA:241,30,0,5
BRDA:242,31,0,0
BRDA:242,31,1,5
BRDA:242,32,0,5
BRDA:242,32,1,5
BRDA:243,33,0,0
BRDA:243,33,1,5
BRDA:244,34,0,0
BRDA:244,34,1,5
BRDA:254,35,0,0
BRDA:254,35,1,5
BRDA:254,36,0,5
BRDA:254,36,1,5
BRDA:264,37,0,0
BRDA:264,37,1,0
BRDA:274,38,0,3
BRDA:275,39,0,4
BRDA:275,39,1,1
BRDA:275,40,0,5
BRDA:275,40,1,2
BRDA:275,41,0,4
BRDA:275,41,1,3
BRDA:283,42,0,1
BRDA:283,42,1,0
BRDA:297,43,0,1
BRDA:298,44,0,1
BRDA:298,44,1,1
BRDA:308,45,0,1
BRDA:308,45,1,4
BRDA:313,46,0,1
BRDA:313,46,1,2
BRDA:320,47,0,0
BRDA:320,47,1,2
BRDA:321,48,0,0
BRDA:321,48,1,0
BRDA:326,49,0,0
BRDA:326,49,1,2
BRDA:331,50,0,0
BRDA:331,50,1,2
BRDA:331,51,0,2
BRDA:331,51,1,2
BRDA:347,52,0,2
BRDA:347,52,1,4
BRDA:349,53,0,4
BRDA:349,53,1,0
BRDA:352,54,0,4
BRDA:352,54,1,0
BRDA:352,54,2,0
BRF:108
BRH:62
end_of_record
TN:
SF:blocks\shared\hooks\index.js
FNF:0
FNH:0
LF:0
LH:0
BRF:0
BRH:0
end_of_record
TN:
SF:blocks\shared\hooks\useDebounce.js
FN:22,useDebounce
FN:23,(anonymous_1)
FN:28,(anonymous_2)
FN:29,(anonymous_3)
FNF:4
FNH:4
FNDA:2,useDebounce
FNDA:2,(anonymous_1)
FNDA:2,(anonymous_2)
FNDA:2,(anonymous_3)
DA:23,2
DA:24,2
DA:28,2
DA:29,2
DA:30,2
DA:34,2
LF:6
LH:6
BRDA:22,0,0,2
BRDA:22,1,0,2
BRF:2
BRH:2
end_of_record
TN:
SF:blocks\shared\hooks\useProductCache.js
FN:22,useProductCache
FN:32,(anonymous_1)
FN:33,(anonymous_2)
FNF:3
FNH:3
FNDA:5,useProductCache
FNDA:4,(anonymous_1)
FNDA:4,(anonymous_2)
DA:24,5
DA:27,5
DA:28,4
DA:32,5
DA:33,4
DA:34,4
DA:35,4
DA:40,5
LF:8
LH:8
BRDA:22,0,0,5
BRDA:22,1,0,5
BRDA:27,2,0,4
BRDA:27,2,1,1
BRDA:34,3,0,4
BRDA:34,3,1,0
BRF:6
BRH:5
end_of_record
TN:
SF:blocks\shared\hooks\useProducts.js
FN:22,useProducts
FN:32,(anonymous_1)
FN:42,(anonymous_2)
FN:94,(anonymous_3)
FN:98,(anonymous_4)
FN:107,(anonymous_5)
FNF:6
FNH:5
FNDA:6,useProducts
FNDA:3,(anonymous_1)
FNDA:2,(anonymous_2)
FNDA:3,(anonymous_3)
FNDA:3,(anonymous_4)
FNDA:0,(anonymous_5)
DA:23,6
DA:24,6
DA:25,6
DA:29,6
DA:30,6
DA:32,6
DA:33,3
DA:35,3
DA:36,3
DA:38,3
DA:41,3
DA:43,2
DA:44,2
DA:49,3
DA:50,1
DA:51,1
DA:52,1
DA:53,1
DA:54,1
DA:59,2
DA:69,1
DA:71,1
DA:72,0
DA:74,1
DA:76,0
DA:79,1
DA:80,0
DA:82,1
DA:83,0
DA:85,1
DA:86,1
DA:88,3
DA:89,3
DA:94,6
DA:95,3
DA:96,3
DA:98,3
DA:99,3
DA:103,6
DA:107,0
LF:40
LH:35
BRDA:22,0,0,2
BRDA:22,1,0,4
BRDA:22,2,0,4
BRDA:22,3,0,6
BRDA:33,4,0,0
BRDA:33,4,1,3
BRDA:49,5,0,1
BRDA:49,5,1,2
BRDA:51,6,0,1
BRDA:51,6,1,0
BRDA:69,7,0,1
BRDA:69,7,1,0
BRDA:69,8,0,1
BRDA:69,8,1,1
BRDA:71,9,0,0
BRDA:71,9,1,1
BRDA:79,10,0,0
BRDA:79,10,1,1
BRDA:82,11,0,0
BRDA:82,11,1,1
BRDA:88,12,0,3
BRDA:88,12,1,0
BRF:22
BRH:15
end_of_record
