{"numFailedTestSuites":1,"numFailedTests":0,"numPassedTestSuites":0,"numPassedTests":0,"numPendingTestSuites":0,"numPendingTests":0,"numRuntimeErrorTestSuites":1,"numTodoTests":0,"numTotalTestSuites":1,"numTotalTests":0,"openHandles":[],"snapshot":{"added":0,"didUpdate":false,"failure":false,"filesAdded":0,"filesRemoved":0,"filesRemovedList":[],"filesUnmatched":0,"filesUpdated":0,"matched":0,"total":0,"unchecked":0,"uncheckedKeysByFile":[],"unmatched":0,"updated":0},"startTime":1770503762776,"success":false,"testResults":[{"assertionResults":[],"coverage":{},"endTime":1770503763860,"message":"  \u001b[1m● \u001b[22mTest suite failed to run\n\n    Cannot find module '@wordpress/i18n' from 'blocks/shared/__tests__/setup.js'\n\n    \u001b[0m \u001b[90m  9 |\u001b[39m\n     \u001b[90m 10 |\u001b[39m \u001b[90m// Mock WordPress packages\u001b[39m\n    \u001b[31m\u001b[1m>\u001b[22m\u001b[39m\u001b[90m 11 |\u001b[39m jest\u001b[33m.\u001b[39mmock(\u001b[32m'@wordpress/i18n'\u001b[39m\u001b[33m,\u001b[39m () \u001b[33m=>\u001b[39m ({\n     \u001b[90m    |\u001b[39m      \u001b[31m\u001b[1m^\u001b[22m\u001b[39m\n     \u001b[90m 12 |\u001b[39m     __\u001b[33m:\u001b[39m (str) \u001b[33m=>\u001b[39m str\u001b[33m,\u001b[39m\n     \u001b[90m 13 |\u001b[39m     _n\u001b[33m:\u001b[39m (single\u001b[33m,\u001b[39m plural\u001b[33m,\u001b[39m count) \u001b[33m=>\u001b[39m (count \u001b[33m===\u001b[39m \u001b[35m1\u001b[39m \u001b[33m?\u001b[39m single \u001b[33m:\u001b[39m plural)\u001b[33m,\u001b[39m\n     \u001b[90m 14 |\u001b[39m     sprintf\u001b[33m:\u001b[39m (format\u001b[33m,\u001b[39m \u001b[33m...\u001b[39margs) \u001b[33m=>\u001b[39m {\u001b[0m\n\n      \u001b[2mat Resolver._throwModNotFoundError (\u001b[22mnode_modules/jest-resolve/build/resolver.js\u001b[2m:427:11)\u001b[22m\n      \u001b[2mat Object.mock (\u001b[22mblocks/shared/__tests__/setup.js\u001b[2m:11:6)\u001b[22m\n","name":"E:\\webiste theme and plugin\\affiliate-product-showcase\\affiliate-product-showcase\\wp-content\\plugins\\affiliate-product-showcase\\blocks\\shared\\__tests__\\utils.test.js","startTime":1770503763860,"status":"failed","summary":""}],"wasInterrupted":false}
